<html>
<head>
<title>TestNG:  CSG Test Cases(failed)</title>
<link href="../testng.css" rel="stylesheet" type="text/css" />
<link href="../my-testng.css" rel="stylesheet" type="text/css" />

<style type="text/css">
.log { display: none;} 
.stack-trace { display: none;} 
</style>
<script type="text/javascript">
<!--
function flip(e) {
  current = e.style.display;
  if (current == 'block') {
    e.style.display = 'none';
    return 0;
  }
  else {
    e.style.display = 'block';
    return 1;
  }
}

function toggleBox(szDivId, elem, msg1, msg2)
{
  var res = -1;  if (document.getElementById) {
    res = flip(document.getElementById(szDivId));
  }
  else if (document.all) {
    // this is the way old msie versions work
    res = flip(document.all[szDivId]);
  }
  if(elem) {
    if(res == 0) elem.innerHTML = msg1; else elem.innerHTML = msg2;
  }

}

function toggleAllBoxes() {
  if (document.getElementsByTagName) {
    d = document.getElementsByTagName('div');
    for (i = 0; i < d.length; i++) {
      if (d[i].className == 'log') {
        flip(d[i]);
      }
    }
  }
}

// -->
</script>

</head>
<body>
<h2 align='center'>CSG Test Cases(failed)</h2><table border='1' align="center">
<tr>
<td>Tests passed/Failed/Skipped:</td><td>0/7/0</td>
</tr><tr>
<td>Started on:</td><td>Thu Jul 14 18:33:07 IST 2016</td>
</tr>
<tr><td>Total time:</td><td>0 seconds (456 ms)</td>
</tr><tr>
<td>Included groups:</td><td>inValidCase </td>
</tr><tr>
<td>Excluded groups:</td><td></td>
</tr>
</table><p/>
<small><i>(Hover the method name to see the test class name)</i></small><p/>
<table width='100%' border='1' class='invocation-failed'>
<tr><td colspan='4' align='center'><b>FAILED TESTS</b></td></tr>
<tr><td><b>Test method</b></td>
<td width="30%"><b>Exception</b></td>
<td width="10%"><b>Time (seconds)</b></td>
<td><b>Instance</b></td>
</tr>
<tr>
<td title='com.pearson.tests.TC002_GlossarySearchTests.cm_getGlossarySearchWithInvalidIndexId()'><b>cm_getGlossarySearchWithInvalidIndexId</b><br>Test class: com.pearson.tests.TC002_GlossarySearchTests<br/>
<a href="#Output-685558284" onClick='toggleBox("Output-685558284", this, "Show output", "Hide output");'>Show output</a>

<a href="#Output-685558284" onClick="toggleAllBoxes();">Show all outputs</a>
<div class='log' id="Output-685558284">
Test to validate Glossary Search API  With Invalid IndexId<br/><br/>
PASSED: TestStep with Description: "Test to validate Glossary Search API  With Invalid IndexId"<br/><br/>
Test Case Failed<br/><br/>
</div>
</td>
<td><div><pre>java.lang.AssertionError: null
	at com.pearson.tests.TC002_GlossarySearchTests.cm_getGlossarySearchWithInvalidIndexId(TC002_GlossarySearchTests.java:52)
Caused by: java.lang.NullPointerException
	at com.pearson.pageobjects.GlossaryControllerRequest.cm_GlossarySearchWithInvalidIndexIdResponseValidate(GlossaryControllerRequest.java:39)
	at com.pearson.tests.TC002_GlossarySearchTests.cm_getGlossarySearchWithInvalidIndexId(TC002_GlossarySearchTests.java:47)
	... 24 more
... Removed 25 stack frames</pre></div><a href='#' onClick='toggleBox("stack-trace685558284", this, "Click to show all stack frames", "Click to hide stack frames")'>Click to show all stack frames</a>
<div class='stack-trace' id='stack-trace685558284'><pre>java.lang.AssertionError: null
	at org.testng.Assert.fail(Assert.java:83)
	at com.pearson.tests.TC002_GlossarySearchTests.cm_getGlossarySearchWithInvalidIndexId(TC002_GlossarySearchTests.java:52)
	at sun.reflect.NativeMethodAccessorImpl.invoke0(Native Method)
	at sun.reflect.NativeMethodAccessorImpl.invoke(NativeMethodAccessorImpl.java:62)
	at sun.reflect.DelegatingMethodAccessorImpl.invoke(DelegatingMethodAccessorImpl.java:43)
	at java.lang.reflect.Method.invoke(Method.java:498)
	at org.testng.internal.MethodInvocationHelper.invokeMethod(MethodInvocationHelper.java:84)
	at org.testng.internal.Invoker.invokeMethod(Invoker.java:714)
	at org.testng.internal.Invoker.invokeTestMethod(Invoker.java:901)
	at org.testng.internal.Invoker.invokeTestMethods(Invoker.java:1231)
	at org.testng.internal.TestMethodWorker.invokeTestMethods(TestMethodWorker.java:127)
	at org.testng.internal.TestMethodWorker.run(TestMethodWorker.java:111)
	at org.testng.TestRunner.privateRun(TestRunner.java:767)
	at org.testng.TestRunner.run(TestRunner.java:617)
	at org.testng.SuiteRunner.runTest(SuiteRunner.java:348)
	at org.testng.SuiteRunner.runSequentially(SuiteRunner.java:343)
	at org.testng.SuiteRunner.privateRun(SuiteRunner.java:305)
	at org.testng.SuiteRunner.run(SuiteRunner.java:254)
	at org.testng.SuiteRunnerWorker.runSuite(SuiteRunnerWorker.java:52)
	at org.testng.SuiteRunnerWorker.run(SuiteRunnerWorker.java:86)
	at org.testng.TestNG.runSuitesSequentially(TestNG.java:1224)
	at org.testng.TestNG.runSuitesLocally(TestNG.java:1149)
	at org.testng.TestNG.run(TestNG.java:1057)
	at org.testng.remote.AbstractRemoteTestNG.run(AbstractRemoteTestNG.java:126)
	at org.testng.remote.RemoteTestNG.initAndRun(RemoteTestNG.java:152)
	at org.testng.remote.RemoteTestNG.main(RemoteTestNG.java:57)
Caused by: java.lang.NullPointerException
	at com.pearson.pageobjects.GlossaryControllerRequest.cm_GlossarySearchWithInvalidIndexIdResponseValidate(GlossaryControllerRequest.java:39)
	at com.pearson.tests.TC002_GlossarySearchTests.cm_getGlossarySearchWithInvalidIndexId(TC002_GlossarySearchTests.java:47)
	... 24 more
</pre></div></td>
<td>0</td>
<td>com.pearson.tests.TC002_GlossarySearchTests@754ba872</td></tr>
<tr>
<td title='com.pearson.tests.TC002_GlossarySearchTests.cm_getGlossarySearchWithNullIndexId()'><b>cm_getGlossarySearchWithNullIndexId</b><br>Test class: com.pearson.tests.TC002_GlossarySearchTests<br/>
<a href="#Output-1926004335" onClick='toggleBox("Output-1926004335", this, "Show output", "Hide output");'>Show output</a>

<a href="#Output-1926004335" onClick="toggleAllBoxes();">Show all outputs</a>
<div class='log' id="Output-1926004335">
Test to validate Glossary Search API  With Null IndexId<br/><br/>
PASSED: TestStep with Description: "Test to validate Glossary Search API  With Null IndexId"<br/><br/>
Test Case Failed<br/><br/>
</div>
</td>
<td><div><pre>java.lang.AssertionError: null
	at com.pearson.tests.TC002_GlossarySearchTests.cm_getGlossarySearchWithNullIndexId(TC002_GlossarySearchTests.java:72)
Caused by: java.lang.NullPointerException
	at com.pearson.pageobjects.GlossaryControllerRequest.cm_GlossarySearchWithNullIndexIdResponseValidate(GlossaryControllerRequest.java:55)
	at com.pearson.tests.TC002_GlossarySearchTests.cm_getGlossarySearchWithNullIndexId(TC002_GlossarySearchTests.java:67)
	... 24 more
... Removed 25 stack frames</pre></div><a href='#' onClick='toggleBox("stack-trace1926004335", this, "Click to show all stack frames", "Click to hide stack frames")'>Click to show all stack frames</a>
<div class='stack-trace' id='stack-trace1926004335'><pre>java.lang.AssertionError: null
	at org.testng.Assert.fail(Assert.java:83)
	at com.pearson.tests.TC002_GlossarySearchTests.cm_getGlossarySearchWithNullIndexId(TC002_GlossarySearchTests.java:72)
	at sun.reflect.NativeMethodAccessorImpl.invoke0(Native Method)
	at sun.reflect.NativeMethodAccessorImpl.invoke(NativeMethodAccessorImpl.java:62)
	at sun.reflect.DelegatingMethodAccessorImpl.invoke(DelegatingMethodAccessorImpl.java:43)
	at java.lang.reflect.Method.invoke(Method.java:498)
	at org.testng.internal.MethodInvocationHelper.invokeMethod(MethodInvocationHelper.java:84)
	at org.testng.internal.Invoker.invokeMethod(Invoker.java:714)
	at org.testng.internal.Invoker.invokeTestMethod(Invoker.java:901)
	at org.testng.internal.Invoker.invokeTestMethods(Invoker.java:1231)
	at org.testng.internal.TestMethodWorker.invokeTestMethods(TestMethodWorker.java:127)
	at org.testng.internal.TestMethodWorker.run(TestMethodWorker.java:111)
	at org.testng.TestRunner.privateRun(TestRunner.java:767)
	at org.testng.TestRunner.run(TestRunner.java:617)
	at org.testng.SuiteRunner.runTest(SuiteRunner.java:348)
	at org.testng.SuiteRunner.runSequentially(SuiteRunner.java:343)
	at org.testng.SuiteRunner.privateRun(SuiteRunner.java:305)
	at org.testng.SuiteRunner.run(SuiteRunner.java:254)
	at org.testng.SuiteRunnerWorker.runSuite(SuiteRunnerWorker.java:52)
	at org.testng.SuiteRunnerWorker.run(SuiteRunnerWorker.java:86)
	at org.testng.TestNG.runSuitesSequentially(TestNG.java:1224)
	at org.testng.TestNG.runSuitesLocally(TestNG.java:1149)
	at org.testng.TestNG.run(TestNG.java:1057)
	at org.testng.remote.AbstractRemoteTestNG.run(AbstractRemoteTestNG.java:126)
	at org.testng.remote.RemoteTestNG.initAndRun(RemoteTestNG.java:152)
	at org.testng.remote.RemoteTestNG.main(RemoteTestNG.java:57)
Caused by: java.lang.NullPointerException
	at com.pearson.pageobjects.GlossaryControllerRequest.cm_GlossarySearchWithNullIndexIdResponseValidate(GlossaryControllerRequest.java:55)
	at com.pearson.tests.TC002_GlossarySearchTests.cm_getGlossarySearchWithNullIndexId(TC002_GlossarySearchTests.java:67)
	... 24 more
</pre></div></td>
<td>0</td>
<td>com.pearson.tests.TC002_GlossarySearchTests@754ba872</td></tr>
<tr>
<td title='com.pearson.tests.TC002_GlossarySearchTests.get_GlossaryContentWithInvalidIndexId_03()'><b>get_GlossaryContentWithInvalidIndexId_03</b><br>Test class: com.pearson.tests.TC002_GlossarySearchTests<br/>
<a href="#Output-1158676965" onClick='toggleBox("Output-1158676965", this, "Show output", "Hide output");'>Show output</a>

<a href="#Output-1158676965" onClick="toggleAllBoxes();">Show all outputs</a>
<div class='log' id="Output-1158676965">
Validate the Glossary Content With Valid IndexID_01<br/><br/>
PASSED: TestStep with Description: "Validate the Glossary Content With Valid IndexID_01"<br/><br/>
Test Case Failed<br/><br/>
</div>
</td>
<td><div><pre>java.lang.AssertionError: null
	at com.pearson.tests.TC002_GlossarySearchTests.get_GlossaryContentWithInvalidIndexId_03(TC002_GlossarySearchTests.java:320)
Caused by: java.lang.NullPointerException
	at com.pearson.pageobjects.GlossaryControllerRequest.cm_GlossaryContentWithInvalidIndexId_03_ResponseValidate(GlossaryControllerRequest.java:256)
	at com.pearson.tests.TC002_GlossarySearchTests.get_GlossaryContentWithInvalidIndexId_03(TC002_GlossarySearchTests.java:315)
	... 24 more
... Removed 25 stack frames</pre></div><a href='#' onClick='toggleBox("stack-trace1158676965", this, "Click to show all stack frames", "Click to hide stack frames")'>Click to show all stack frames</a>
<div class='stack-trace' id='stack-trace1158676965'><pre>java.lang.AssertionError: null
	at org.testng.Assert.fail(Assert.java:83)
	at com.pearson.tests.TC002_GlossarySearchTests.get_GlossaryContentWithInvalidIndexId_03(TC002_GlossarySearchTests.java:320)
	at sun.reflect.NativeMethodAccessorImpl.invoke0(Native Method)
	at sun.reflect.NativeMethodAccessorImpl.invoke(NativeMethodAccessorImpl.java:62)
	at sun.reflect.DelegatingMethodAccessorImpl.invoke(DelegatingMethodAccessorImpl.java:43)
	at java.lang.reflect.Method.invoke(Method.java:498)
	at org.testng.internal.MethodInvocationHelper.invokeMethod(MethodInvocationHelper.java:84)
	at org.testng.internal.Invoker.invokeMethod(Invoker.java:714)
	at org.testng.internal.Invoker.invokeTestMethod(Invoker.java:901)
	at org.testng.internal.Invoker.invokeTestMethods(Invoker.java:1231)
	at org.testng.internal.TestMethodWorker.invokeTestMethods(TestMethodWorker.java:127)
	at org.testng.internal.TestMethodWorker.run(TestMethodWorker.java:111)
	at org.testng.TestRunner.privateRun(TestRunner.java:767)
	at org.testng.TestRunner.run(TestRunner.java:617)
	at org.testng.SuiteRunner.runTest(SuiteRunner.java:348)
	at org.testng.SuiteRunner.runSequentially(SuiteRunner.java:343)
	at org.testng.SuiteRunner.privateRun(SuiteRunner.java:305)
	at org.testng.SuiteRunner.run(SuiteRunner.java:254)
	at org.testng.SuiteRunnerWorker.runSuite(SuiteRunnerWorker.java:52)
	at org.testng.SuiteRunnerWorker.run(SuiteRunnerWorker.java:86)
	at org.testng.TestNG.runSuitesSequentially(TestNG.java:1224)
	at org.testng.TestNG.runSuitesLocally(TestNG.java:1149)
	at org.testng.TestNG.run(TestNG.java:1057)
	at org.testng.remote.AbstractRemoteTestNG.run(AbstractRemoteTestNG.java:126)
	at org.testng.remote.RemoteTestNG.initAndRun(RemoteTestNG.java:152)
	at org.testng.remote.RemoteTestNG.main(RemoteTestNG.java:57)
Caused by: java.lang.NullPointerException
	at com.pearson.pageobjects.GlossaryControllerRequest.cm_GlossaryContentWithInvalidIndexId_03_ResponseValidate(GlossaryControllerRequest.java:256)
	at com.pearson.tests.TC002_GlossarySearchTests.get_GlossaryContentWithInvalidIndexId_03(TC002_GlossarySearchTests.java:315)
	... 24 more
</pre></div></td>
<td>0</td>
<td>com.pearson.tests.TC002_GlossarySearchTests@754ba872</td></tr>
<tr>
<td title='com.pearson.tests.TC002_GlossarySearchTests.get_GlossaryContentWithValidIndexIdAndInvalidGlossaryKey_04()'><b>get_GlossaryContentWithValidIndexIdAndInvalidGlossaryKey_04</b><br>Test class: com.pearson.tests.TC002_GlossarySearchTests<br/>
<a href="#Output-1020154737" onClick='toggleBox("Output-1020154737", this, "Show output", "Hide output");'>Show output</a>

<a href="#Output-1020154737" onClick="toggleAllBoxes();">Show all outputs</a>
<div class='log' id="Output-1020154737">
Validate the Glossary Content With Valid IndexID And Invalid Glossary Key_04<br/><br/>
PASSED: TestStep with Description: "Validate the Glossary Content With Valid IndexID And Invalid Glossary Key_04"<br/><br/>
Test Case Failed<br/><br/>
</div>
</td>
<td><div><pre>java.lang.AssertionError: null
	at com.pearson.tests.TC002_GlossarySearchTests.get_GlossaryContentWithValidIndexIdAndInvalidGlossaryKey_04(TC002_GlossarySearchTests.java:282)
Caused by: java.lang.NullPointerException
	at com.pearson.pageobjects.GlossaryControllerRequest.cm_GlossaryContentWithValidIndexIdAndInvalidGlossaryKey_04(GlossaryControllerRequest.java:224)
	at com.pearson.tests.TC002_GlossarySearchTests.get_GlossaryContentWithValidIndexIdAndInvalidGlossaryKey_04(TC002_GlossarySearchTests.java:277)
	... 24 more
... Removed 25 stack frames</pre></div><a href='#' onClick='toggleBox("stack-trace1020154737", this, "Click to show all stack frames", "Click to hide stack frames")'>Click to show all stack frames</a>
<div class='stack-trace' id='stack-trace1020154737'><pre>java.lang.AssertionError: null
	at org.testng.Assert.fail(Assert.java:83)
	at com.pearson.tests.TC002_GlossarySearchTests.get_GlossaryContentWithValidIndexIdAndInvalidGlossaryKey_04(TC002_GlossarySearchTests.java:282)
	at sun.reflect.NativeMethodAccessorImpl.invoke0(Native Method)
	at sun.reflect.NativeMethodAccessorImpl.invoke(NativeMethodAccessorImpl.java:62)
	at sun.reflect.DelegatingMethodAccessorImpl.invoke(DelegatingMethodAccessorImpl.java:43)
	at java.lang.reflect.Method.invoke(Method.java:498)
	at org.testng.internal.MethodInvocationHelper.invokeMethod(MethodInvocationHelper.java:84)
	at org.testng.internal.Invoker.invokeMethod(Invoker.java:714)
	at org.testng.internal.Invoker.invokeTestMethod(Invoker.java:901)
	at org.testng.internal.Invoker.invokeTestMethods(Invoker.java:1231)
	at org.testng.internal.TestMethodWorker.invokeTestMethods(TestMethodWorker.java:127)
	at org.testng.internal.TestMethodWorker.run(TestMethodWorker.java:111)
	at org.testng.TestRunner.privateRun(TestRunner.java:767)
	at org.testng.TestRunner.run(TestRunner.java:617)
	at org.testng.SuiteRunner.runTest(SuiteRunner.java:348)
	at org.testng.SuiteRunner.runSequentially(SuiteRunner.java:343)
	at org.testng.SuiteRunner.privateRun(SuiteRunner.java:305)
	at org.testng.SuiteRunner.run(SuiteRunner.java:254)
	at org.testng.SuiteRunnerWorker.runSuite(SuiteRunnerWorker.java:52)
	at org.testng.SuiteRunnerWorker.run(SuiteRunnerWorker.java:86)
	at org.testng.TestNG.runSuitesSequentially(TestNG.java:1224)
	at org.testng.TestNG.runSuitesLocally(TestNG.java:1149)
	at org.testng.TestNG.run(TestNG.java:1057)
	at org.testng.remote.AbstractRemoteTestNG.run(AbstractRemoteTestNG.java:126)
	at org.testng.remote.RemoteTestNG.initAndRun(RemoteTestNG.java:152)
	at org.testng.remote.RemoteTestNG.main(RemoteTestNG.java:57)
Caused by: java.lang.NullPointerException
	at com.pearson.pageobjects.GlossaryControllerRequest.cm_GlossaryContentWithValidIndexIdAndInvalidGlossaryKey_04(GlossaryControllerRequest.java:224)
	at com.pearson.tests.TC002_GlossarySearchTests.get_GlossaryContentWithValidIndexIdAndInvalidGlossaryKey_04(TC002_GlossarySearchTests.java:277)
	... 24 more
</pre></div></td>
<td>0</td>
<td>com.pearson.tests.TC002_GlossarySearchTests@754ba872</td></tr>
<tr>
<td title='com.pearson.tests.TC002_GlossarySearchTests.get_mul_GlossaryContentWithInvalidIndexId_03()'><b>get_mul_GlossaryContentWithInvalidIndexId_03</b><br>Test class: com.pearson.tests.TC002_GlossarySearchTests<br/>
<a href="#Output-990897274" onClick='toggleBox("Output-990897274", this, "Show output", "Hide output");'>Show output</a>

<a href="#Output-990897274" onClick="toggleAllBoxes();">Show all outputs</a>
<div class='log' id="Output-990897274">
Validate Glossary Content With Invalid IndexId_03<br/><br/>
PASSED: TestStep with Description: "Validate Glossary Content With Invalid IndexId_03"<br/><br/>
Test Case Failed<br/><br/>
</div>
</td>
<td><div><pre>java.lang.AssertionError: null
	at com.pearson.tests.TC002_GlossarySearchTests.get_mul_GlossaryContentWithInvalidIndexId_03(TC002_GlossarySearchTests.java:129)
Caused by: java.lang.NullPointerException
	at com.pearson.pageobjects.GlossaryControllerRequest.cm_mul_GlossaryContentWithInValidIndexId_03_ResponseValidate(GlossaryControllerRequest.java:114)
	at com.pearson.tests.TC002_GlossarySearchTests.get_mul_GlossaryContentWithInvalidIndexId_03(TC002_GlossarySearchTests.java:124)
	... 24 more
... Removed 25 stack frames</pre></div><a href='#' onClick='toggleBox("stack-trace990897274", this, "Click to show all stack frames", "Click to hide stack frames")'>Click to show all stack frames</a>
<div class='stack-trace' id='stack-trace990897274'><pre>java.lang.AssertionError: null
	at org.testng.Assert.fail(Assert.java:83)
	at com.pearson.tests.TC002_GlossarySearchTests.get_mul_GlossaryContentWithInvalidIndexId_03(TC002_GlossarySearchTests.java:129)
	at sun.reflect.NativeMethodAccessorImpl.invoke0(Native Method)
	at sun.reflect.NativeMethodAccessorImpl.invoke(NativeMethodAccessorImpl.java:62)
	at sun.reflect.DelegatingMethodAccessorImpl.invoke(DelegatingMethodAccessorImpl.java:43)
	at java.lang.reflect.Method.invoke(Method.java:498)
	at org.testng.internal.MethodInvocationHelper.invokeMethod(MethodInvocationHelper.java:84)
	at org.testng.internal.Invoker.invokeMethod(Invoker.java:714)
	at org.testng.internal.Invoker.invokeTestMethod(Invoker.java:901)
	at org.testng.internal.Invoker.invokeTestMethods(Invoker.java:1231)
	at org.testng.internal.TestMethodWorker.invokeTestMethods(TestMethodWorker.java:127)
	at org.testng.internal.TestMethodWorker.run(TestMethodWorker.java:111)
	at org.testng.TestRunner.privateRun(TestRunner.java:767)
	at org.testng.TestRunner.run(TestRunner.java:617)
	at org.testng.SuiteRunner.runTest(SuiteRunner.java:348)
	at org.testng.SuiteRunner.runSequentially(SuiteRunner.java:343)
	at org.testng.SuiteRunner.privateRun(SuiteRunner.java:305)
	at org.testng.SuiteRunner.run(SuiteRunner.java:254)
	at org.testng.SuiteRunnerWorker.runSuite(SuiteRunnerWorker.java:52)
	at org.testng.SuiteRunnerWorker.run(SuiteRunnerWorker.java:86)
	at org.testng.TestNG.runSuitesSequentially(TestNG.java:1224)
	at org.testng.TestNG.runSuitesLocally(TestNG.java:1149)
	at org.testng.TestNG.run(TestNG.java:1057)
	at org.testng.remote.AbstractRemoteTestNG.run(AbstractRemoteTestNG.java:126)
	at org.testng.remote.RemoteTestNG.initAndRun(RemoteTestNG.java:152)
	at org.testng.remote.RemoteTestNG.main(RemoteTestNG.java:57)
Caused by: java.lang.NullPointerException
	at com.pearson.pageobjects.GlossaryControllerRequest.cm_mul_GlossaryContentWithInValidIndexId_03_ResponseValidate(GlossaryControllerRequest.java:114)
	at com.pearson.tests.TC002_GlossarySearchTests.get_mul_GlossaryContentWithInvalidIndexId_03(TC002_GlossarySearchTests.java:124)
	... 24 more
</pre></div></td>
<td>0</td>
<td>com.pearson.tests.TC002_GlossarySearchTests@754ba872</td></tr>
<tr>
<td title='com.pearson.tests.TC002_GlossarySearchTests.get_mul_GlossaryContentWithInvalidLang_06()'><b>get_mul_GlossaryContentWithInvalidLang_06</b><br>Test class: com.pearson.tests.TC002_GlossarySearchTests<br/>
<a href="#Output-136393487" onClick='toggleBox("Output-136393487", this, "Show output", "Hide output");'>Show output</a>

<a href="#Output-136393487" onClick="toggleAllBoxes();">Show all outputs</a>
<div class='log' id="Output-136393487">
Validate Glossary Content With Invalid IndexId_03<br/><br/>
PASSED: TestStep with Description: "Validate Glossary Content With Invalid IndexId_03"<br/><br/>
Test Case Failed<br/><br/>
</div>
</td>
<td><div><pre>java.lang.AssertionError: null
	at com.pearson.tests.TC002_GlossarySearchTests.get_mul_GlossaryContentWithInvalidLang_06(TC002_GlossarySearchTests.java:148)
Caused by: java.lang.NullPointerException
	at com.pearson.pageobjects.GlossaryControllerRequest.cm_GlossaryContentWithInValidLang_06_ResponseValidate(GlossaryControllerRequest.java:130)
	at com.pearson.tests.TC002_GlossarySearchTests.get_mul_GlossaryContentWithInvalidLang_06(TC002_GlossarySearchTests.java:143)
	... 24 more
... Removed 25 stack frames</pre></div><a href='#' onClick='toggleBox("stack-trace136393487", this, "Click to show all stack frames", "Click to hide stack frames")'>Click to show all stack frames</a>
<div class='stack-trace' id='stack-trace136393487'><pre>java.lang.AssertionError: null
	at org.testng.Assert.fail(Assert.java:83)
	at com.pearson.tests.TC002_GlossarySearchTests.get_mul_GlossaryContentWithInvalidLang_06(TC002_GlossarySearchTests.java:148)
	at sun.reflect.NativeMethodAccessorImpl.invoke0(Native Method)
	at sun.reflect.NativeMethodAccessorImpl.invoke(NativeMethodAccessorImpl.java:62)
	at sun.reflect.DelegatingMethodAccessorImpl.invoke(DelegatingMethodAccessorImpl.java:43)
	at java.lang.reflect.Method.invoke(Method.java:498)
	at org.testng.internal.MethodInvocationHelper.invokeMethod(MethodInvocationHelper.java:84)
	at org.testng.internal.Invoker.invokeMethod(Invoker.java:714)
	at org.testng.internal.Invoker.invokeTestMethod(Invoker.java:901)
	at org.testng.internal.Invoker.invokeTestMethods(Invoker.java:1231)
	at org.testng.internal.TestMethodWorker.invokeTestMethods(TestMethodWorker.java:127)
	at org.testng.internal.TestMethodWorker.run(TestMethodWorker.java:111)
	at org.testng.TestRunner.privateRun(TestRunner.java:767)
	at org.testng.TestRunner.run(TestRunner.java:617)
	at org.testng.SuiteRunner.runTest(SuiteRunner.java:348)
	at org.testng.SuiteRunner.runSequentially(SuiteRunner.java:343)
	at org.testng.SuiteRunner.privateRun(SuiteRunner.java:305)
	at org.testng.SuiteRunner.run(SuiteRunner.java:254)
	at org.testng.SuiteRunnerWorker.runSuite(SuiteRunnerWorker.java:52)
	at org.testng.SuiteRunnerWorker.run(SuiteRunnerWorker.java:86)
	at org.testng.TestNG.runSuitesSequentially(TestNG.java:1224)
	at org.testng.TestNG.runSuitesLocally(TestNG.java:1149)
	at org.testng.TestNG.run(TestNG.java:1057)
	at org.testng.remote.AbstractRemoteTestNG.run(AbstractRemoteTestNG.java:126)
	at org.testng.remote.RemoteTestNG.initAndRun(RemoteTestNG.java:152)
	at org.testng.remote.RemoteTestNG.main(RemoteTestNG.java:57)
Caused by: java.lang.NullPointerException
	at com.pearson.pageobjects.GlossaryControllerRequest.cm_GlossaryContentWithInValidLang_06_ResponseValidate(GlossaryControllerRequest.java:130)
	at com.pearson.tests.TC002_GlossarySearchTests.get_mul_GlossaryContentWithInvalidLang_06(TC002_GlossarySearchTests.java:143)
	... 24 more
</pre></div></td>
<td>0</td>
<td>com.pearson.tests.TC002_GlossarySearchTests@754ba872</td></tr>
<tr>
<td title='com.pearson.tests.TC002_GlossarySearchTests.get_mul_GlossaryValidIndexIdAndInvalidGlossaryKey_04()'><b>get_mul_GlossaryValidIndexIdAndInvalidGlossaryKey_04</b><br>Test class: com.pearson.tests.TC002_GlossarySearchTests<br/>
<a href="#Output-712974096" onClick='toggleBox("Output-712974096", this, "Show output", "Hide output");'>Show output</a>

<a href="#Output-712974096" onClick="toggleAllBoxes();">Show all outputs</a>
<div class='log' id="Output-712974096">
Validate the Glossary Content With Valid IndexId And InvalidGlossaryKey_04<br/><br/>
PASSED: TestStep with Description: "Validate the Glossary Content With Valid IndexId And InvalidGlossaryKey_04"<br/><br/>
Test Case Failed<br/><br/>
</div>
</td>
<td><div><pre>java.lang.AssertionError: null
	at com.pearson.tests.TC002_GlossarySearchTests.get_mul_GlossaryValidIndexIdAndInvalidGlossaryKey_04(TC002_GlossarySearchTests.java:168)
Caused by: java.lang.NullPointerException
	at com.pearson.pageobjects.GlossaryControllerRequest.cm_GlossaryValidIndexIdAndInvalidGlossaryKey_04_ResponseValidate(GlossaryControllerRequest.java:146)
	at com.pearson.tests.TC002_GlossarySearchTests.get_mul_GlossaryValidIndexIdAndInvalidGlossaryKey_04(TC002_GlossarySearchTests.java:162)
	... 24 more
... Removed 25 stack frames</pre></div><a href='#' onClick='toggleBox("stack-trace712974096", this, "Click to show all stack frames", "Click to hide stack frames")'>Click to show all stack frames</a>
<div class='stack-trace' id='stack-trace712974096'><pre>java.lang.AssertionError: null
	at org.testng.Assert.fail(Assert.java:83)
	at com.pearson.tests.TC002_GlossarySearchTests.get_mul_GlossaryValidIndexIdAndInvalidGlossaryKey_04(TC002_GlossarySearchTests.java:168)
	at sun.reflect.NativeMethodAccessorImpl.invoke0(Native Method)
	at sun.reflect.NativeMethodAccessorImpl.invoke(NativeMethodAccessorImpl.java:62)
	at sun.reflect.DelegatingMethodAccessorImpl.invoke(DelegatingMethodAccessorImpl.java:43)
	at java.lang.reflect.Method.invoke(Method.java:498)
	at org.testng.internal.MethodInvocationHelper.invokeMethod(MethodInvocationHelper.java:84)
	at org.testng.internal.Invoker.invokeMethod(Invoker.java:714)
	at org.testng.internal.Invoker.invokeTestMethod(Invoker.java:901)
	at org.testng.internal.Invoker.invokeTestMethods(Invoker.java:1231)
	at org.testng.internal.TestMethodWorker.invokeTestMethods(TestMethodWorker.java:127)
	at org.testng.internal.TestMethodWorker.run(TestMethodWorker.java:111)
	at org.testng.TestRunner.privateRun(TestRunner.java:767)
	at org.testng.TestRunner.run(TestRunner.java:617)
	at org.testng.SuiteRunner.runTest(SuiteRunner.java:348)
	at org.testng.SuiteRunner.runSequentially(SuiteRunner.java:343)
	at org.testng.SuiteRunner.privateRun(SuiteRunner.java:305)
	at org.testng.SuiteRunner.run(SuiteRunner.java:254)
	at org.testng.SuiteRunnerWorker.runSuite(SuiteRunnerWorker.java:52)
	at org.testng.SuiteRunnerWorker.run(SuiteRunnerWorker.java:86)
	at org.testng.TestNG.runSuitesSequentially(TestNG.java:1224)
	at org.testng.TestNG.runSuitesLocally(TestNG.java:1149)
	at org.testng.TestNG.run(TestNG.java:1057)
	at org.testng.remote.AbstractRemoteTestNG.run(AbstractRemoteTestNG.java:126)
	at org.testng.remote.RemoteTestNG.initAndRun(RemoteTestNG.java:152)
	at org.testng.remote.RemoteTestNG.main(RemoteTestNG.java:57)
Caused by: java.lang.NullPointerException
	at com.pearson.pageobjects.GlossaryControllerRequest.cm_GlossaryValidIndexIdAndInvalidGlossaryKey_04_ResponseValidate(GlossaryControllerRequest.java:146)
	at com.pearson.tests.TC002_GlossarySearchTests.get_mul_GlossaryValidIndexIdAndInvalidGlossaryKey_04(TC002_GlossarySearchTests.java:162)
	... 24 more
</pre></div></td>
<td>0</td>
<td>com.pearson.tests.TC002_GlossarySearchTests@754ba872</td></tr>
</table><p>
</body>
</html>