<html>
<head>
<title>TestNG:  CSG Test Casess(failed)</title>
<link href="../testng.css" rel="stylesheet" type="text/css" />
<link href="../my-testng.css" rel="stylesheet" type="text/css" />

<style type="text/css">
.log { display: none;} 
.stack-trace { display: none;} 
</style>
<script type="text/javascript">
<!--
function flip(e) {
  current = e.style.display;
  if (current == 'block') {
    e.style.display = 'none';
    return 0;
  }
  else {
    e.style.display = 'block';
    return 1;
  }
}

function toggleBox(szDivId, elem, msg1, msg2)
{
  var res = -1;  if (document.getElementById) {
    res = flip(document.getElementById(szDivId));
  }
  else if (document.all) {
    // this is the way old msie versions work
    res = flip(document.all[szDivId]);
  }
  if(elem) {
    if(res == 0) elem.innerHTML = msg1; else elem.innerHTML = msg2;
  }

}

function toggleAllBoxes() {
  if (document.getElementsByTagName) {
    d = document.getElementsByTagName('div');
    for (i = 0; i < d.length; i++) {
      if (d[i].className == 'log') {
        flip(d[i]);
      }
    }
  }
}

// -->
</script>

</head>
<body>
<h2 align='center'>CSG Test Casess(failed)</h2><table border='1' align="center">
<tr>
<td>Tests passed/Failed/Skipped:</td><td>0/9/0</td>
</tr><tr>
<td>Started on:</td><td>Thu Jul 14 18:33:06 IST 2016</td>
</tr>
<tr><td>Total time:</td><td>1 seconds (1185 ms)</td>
</tr><tr>
<td>Included groups:</td><td>validCase </td>
</tr><tr>
<td>Excluded groups:</td><td></td>
</tr>
</table><p/>
<small><i>(Hover the method name to see the test class name)</i></small><p/>
<table width='100%' border='1' class='invocation-failed'>
<tr><td colspan='4' align='center'><b>FAILED TESTS</b></td></tr>
<tr><td><b>Test method</b></td>
<td width="30%"><b>Exception</b></td>
<td width="10%"><b>Time (seconds)</b></td>
<td><b>Instance</b></td>
</tr>
<tr>
<td title='com.pearson.tests.TC002_GlossarySearchTests.cm_getGlossarySearch_API()'><b>cm_getGlossarySearch_API</b><br>Test class: com.pearson.tests.TC002_GlossarySearchTests<br/>
<a href="#Output-815320891" onClick='toggleBox("Output-815320891", this, "Show output", "Hide output");'>Show output</a>

<a href="#Output-815320891" onClick="toggleAllBoxes();">Show all outputs</a>
<div class='log' id="Output-815320891">
Test to validate Glossary Search API<br/><br/>
PASSED: TestStep with Description: "Test to validate Glossary Search API"<br/><br/>
Test Case Failed<br/><br/>
</div>
</td>
<td><div><pre>java.lang.AssertionError: null
	at com.pearson.tests.TC002_GlossarySearchTests.cm_getGlossarySearch_API(TC002_GlossarySearchTests.java:33)
Caused by: java.lang.NullPointerException
	at com.pearson.pageobjects.GlossaryControllerRequest.cm_GlossarySearchResponseValidate(GlossaryControllerRequest.java:23)
	at com.pearson.tests.TC002_GlossarySearchTests.cm_getGlossarySearch_API(TC002_GlossarySearchTests.java:28)
	... 24 more
... Removed 25 stack frames</pre></div><a href='#' onClick='toggleBox("stack-trace815320891", this, "Click to show all stack frames", "Click to hide stack frames")'>Click to show all stack frames</a>
<div class='stack-trace' id='stack-trace815320891'><pre>java.lang.AssertionError: null
	at org.testng.Assert.fail(Assert.java:83)
	at com.pearson.tests.TC002_GlossarySearchTests.cm_getGlossarySearch_API(TC002_GlossarySearchTests.java:33)
	at sun.reflect.NativeMethodAccessorImpl.invoke0(Native Method)
	at sun.reflect.NativeMethodAccessorImpl.invoke(NativeMethodAccessorImpl.java:62)
	at sun.reflect.DelegatingMethodAccessorImpl.invoke(DelegatingMethodAccessorImpl.java:43)
	at java.lang.reflect.Method.invoke(Method.java:498)
	at org.testng.internal.MethodInvocationHelper.invokeMethod(MethodInvocationHelper.java:84)
	at org.testng.internal.Invoker.invokeMethod(Invoker.java:714)
	at org.testng.internal.Invoker.invokeTestMethod(Invoker.java:901)
	at org.testng.internal.Invoker.invokeTestMethods(Invoker.java:1231)
	at org.testng.internal.TestMethodWorker.invokeTestMethods(TestMethodWorker.java:127)
	at org.testng.internal.TestMethodWorker.run(TestMethodWorker.java:111)
	at org.testng.TestRunner.privateRun(TestRunner.java:767)
	at org.testng.TestRunner.run(TestRunner.java:617)
	at org.testng.SuiteRunner.runTest(SuiteRunner.java:348)
	at org.testng.SuiteRunner.runSequentially(SuiteRunner.java:343)
	at org.testng.SuiteRunner.privateRun(SuiteRunner.java:305)
	at org.testng.SuiteRunner.run(SuiteRunner.java:254)
	at org.testng.SuiteRunnerWorker.runSuite(SuiteRunnerWorker.java:52)
	at org.testng.SuiteRunnerWorker.run(SuiteRunnerWorker.java:86)
	at org.testng.TestNG.runSuitesSequentially(TestNG.java:1224)
	at org.testng.TestNG.runSuitesLocally(TestNG.java:1149)
	at org.testng.TestNG.run(TestNG.java:1057)
	at org.testng.remote.AbstractRemoteTestNG.run(AbstractRemoteTestNG.java:126)
	at org.testng.remote.RemoteTestNG.initAndRun(RemoteTestNG.java:152)
	at org.testng.remote.RemoteTestNG.main(RemoteTestNG.java:57)
Caused by: java.lang.NullPointerException
	at com.pearson.pageobjects.GlossaryControllerRequest.cm_GlossarySearchResponseValidate(GlossaryControllerRequest.java:23)
	at com.pearson.tests.TC002_GlossarySearchTests.cm_getGlossarySearch_API(TC002_GlossarySearchTests.java:28)
	... 24 more
</pre></div></td>
<td>0</td>
<td>com.pearson.tests.TC002_GlossarySearchTests@66a3ffec</td></tr>
<tr>
<td title='com.pearson.tests.TC002_GlossarySearchTests.cm_get_GlossarySearchWithSpecificKey()'><b>cm_get_GlossarySearchWithSpecificKey</b><br>Test class: com.pearson.tests.TC002_GlossarySearchTests<br/>
<a href="#Output-875917495" onClick='toggleBox("Output-875917495", this, "Show output", "Hide output");'>Show output</a>

<a href="#Output-875917495" onClick="toggleAllBoxes();">Show all outputs</a>
<div class='log' id="Output-875917495">
Validate whether user is able to search for Specific key in glossary<br/><br/>
PASSED: TestStep with Description: "Validate whether user is able to search for Specific key in glossary"<br/><br/>
Test Case Failed<br/><br/>
</div>
</td>
<td><div><pre>java.lang.AssertionError: null
	at com.pearson.tests.TC002_GlossarySearchTests.cm_get_GlossarySearchWithSpecificKey(TC002_GlossarySearchTests.java:91)
Caused by: java.lang.NullPointerException
	at com.pearson.pageobjects.GlossaryControllerRequest.cm_GlossarySearchWithSpecificKeyResponseValidate(GlossaryControllerRequest.java:71)
	at com.pearson.tests.TC002_GlossarySearchTests.cm_get_GlossarySearchWithSpecificKey(TC002_GlossarySearchTests.java:86)
	... 24 more
... Removed 25 stack frames</pre></div><a href='#' onClick='toggleBox("stack-trace875917495", this, "Click to show all stack frames", "Click to hide stack frames")'>Click to show all stack frames</a>
<div class='stack-trace' id='stack-trace875917495'><pre>java.lang.AssertionError: null
	at org.testng.Assert.fail(Assert.java:83)
	at com.pearson.tests.TC002_GlossarySearchTests.cm_get_GlossarySearchWithSpecificKey(TC002_GlossarySearchTests.java:91)
	at sun.reflect.NativeMethodAccessorImpl.invoke0(Native Method)
	at sun.reflect.NativeMethodAccessorImpl.invoke(NativeMethodAccessorImpl.java:62)
	at sun.reflect.DelegatingMethodAccessorImpl.invoke(DelegatingMethodAccessorImpl.java:43)
	at java.lang.reflect.Method.invoke(Method.java:498)
	at org.testng.internal.MethodInvocationHelper.invokeMethod(MethodInvocationHelper.java:84)
	at org.testng.internal.Invoker.invokeMethod(Invoker.java:714)
	at org.testng.internal.Invoker.invokeTestMethod(Invoker.java:901)
	at org.testng.internal.Invoker.invokeTestMethods(Invoker.java:1231)
	at org.testng.internal.TestMethodWorker.invokeTestMethods(TestMethodWorker.java:127)
	at org.testng.internal.TestMethodWorker.run(TestMethodWorker.java:111)
	at org.testng.TestRunner.privateRun(TestRunner.java:767)
	at org.testng.TestRunner.run(TestRunner.java:617)
	at org.testng.SuiteRunner.runTest(SuiteRunner.java:348)
	at org.testng.SuiteRunner.runSequentially(SuiteRunner.java:343)
	at org.testng.SuiteRunner.privateRun(SuiteRunner.java:305)
	at org.testng.SuiteRunner.run(SuiteRunner.java:254)
	at org.testng.SuiteRunnerWorker.runSuite(SuiteRunnerWorker.java:52)
	at org.testng.SuiteRunnerWorker.run(SuiteRunnerWorker.java:86)
	at org.testng.TestNG.runSuitesSequentially(TestNG.java:1224)
	at org.testng.TestNG.runSuitesLocally(TestNG.java:1149)
	at org.testng.TestNG.run(TestNG.java:1057)
	at org.testng.remote.AbstractRemoteTestNG.run(AbstractRemoteTestNG.java:126)
	at org.testng.remote.RemoteTestNG.initAndRun(RemoteTestNG.java:152)
	at org.testng.remote.RemoteTestNG.main(RemoteTestNG.java:57)
Caused by: java.lang.NullPointerException
	at com.pearson.pageobjects.GlossaryControllerRequest.cm_GlossarySearchWithSpecificKeyResponseValidate(GlossaryControllerRequest.java:71)
	at com.pearson.tests.TC002_GlossarySearchTests.cm_get_GlossarySearchWithSpecificKey(TC002_GlossarySearchTests.java:86)
	... 24 more
</pre></div></td>
<td>0</td>
<td>com.pearson.tests.TC002_GlossarySearchTests@66a3ffec</td></tr>
<tr>
<td title='com.pearson.tests.TC002_GlossarySearchTests.get_GlossaryContentWithValidIndexIdAndValidGlossaryKey_02()'><b>get_GlossaryContentWithValidIndexIdAndValidGlossaryKey_02</b><br>Test class: com.pearson.tests.TC002_GlossarySearchTests<br/>
<a href="#Output-812446698" onClick='toggleBox("Output-812446698", this, "Show output", "Hide output");'>Show output</a>

<a href="#Output-812446698" onClick="toggleAllBoxes();">Show all outputs</a>
<div class='log' id="Output-812446698">
Validate the Glossary Content With Valid IndexID Valid GlossaryKey_02<br/><br/>
PASSED: TestStep with Description: "Validate the Glossary Content With Valid IndexID Valid GlossaryKey_02"<br/><br/>
Test Case Failed<br/><br/>
</div>
</td>
<td><div><pre>java.lang.AssertionError: null
	at com.pearson.tests.TC002_GlossarySearchTests.get_GlossaryContentWithValidIndexIdAndValidGlossaryKey_02(TC002_GlossarySearchTests.java:301)
Caused by: java.lang.NullPointerException
	at com.pearson.pageobjects.GlossaryControllerRequest.cm_GlossaryContentWithValidIndexIdAndValidGlossaryKey_02(GlossaryControllerRequest.java:240)
	at com.pearson.tests.TC002_GlossarySearchTests.get_GlossaryContentWithValidIndexIdAndValidGlossaryKey_02(TC002_GlossarySearchTests.java:296)
	... 24 more
... Removed 25 stack frames</pre></div><a href='#' onClick='toggleBox("stack-trace812446698", this, "Click to show all stack frames", "Click to hide stack frames")'>Click to show all stack frames</a>
<div class='stack-trace' id='stack-trace812446698'><pre>java.lang.AssertionError: null
	at org.testng.Assert.fail(Assert.java:83)
	at com.pearson.tests.TC002_GlossarySearchTests.get_GlossaryContentWithValidIndexIdAndValidGlossaryKey_02(TC002_GlossarySearchTests.java:301)
	at sun.reflect.NativeMethodAccessorImpl.invoke0(Native Method)
	at sun.reflect.NativeMethodAccessorImpl.invoke(NativeMethodAccessorImpl.java:62)
	at sun.reflect.DelegatingMethodAccessorImpl.invoke(DelegatingMethodAccessorImpl.java:43)
	at java.lang.reflect.Method.invoke(Method.java:498)
	at org.testng.internal.MethodInvocationHelper.invokeMethod(MethodInvocationHelper.java:84)
	at org.testng.internal.Invoker.invokeMethod(Invoker.java:714)
	at org.testng.internal.Invoker.invokeTestMethod(Invoker.java:901)
	at org.testng.internal.Invoker.invokeTestMethods(Invoker.java:1231)
	at org.testng.internal.TestMethodWorker.invokeTestMethods(TestMethodWorker.java:127)
	at org.testng.internal.TestMethodWorker.run(TestMethodWorker.java:111)
	at org.testng.TestRunner.privateRun(TestRunner.java:767)
	at org.testng.TestRunner.run(TestRunner.java:617)
	at org.testng.SuiteRunner.runTest(SuiteRunner.java:348)
	at org.testng.SuiteRunner.runSequentially(SuiteRunner.java:343)
	at org.testng.SuiteRunner.privateRun(SuiteRunner.java:305)
	at org.testng.SuiteRunner.run(SuiteRunner.java:254)
	at org.testng.SuiteRunnerWorker.runSuite(SuiteRunnerWorker.java:52)
	at org.testng.SuiteRunnerWorker.run(SuiteRunnerWorker.java:86)
	at org.testng.TestNG.runSuitesSequentially(TestNG.java:1224)
	at org.testng.TestNG.runSuitesLocally(TestNG.java:1149)
	at org.testng.TestNG.run(TestNG.java:1057)
	at org.testng.remote.AbstractRemoteTestNG.run(AbstractRemoteTestNG.java:126)
	at org.testng.remote.RemoteTestNG.initAndRun(RemoteTestNG.java:152)
	at org.testng.remote.RemoteTestNG.main(RemoteTestNG.java:57)
Caused by: java.lang.NullPointerException
	at com.pearson.pageobjects.GlossaryControllerRequest.cm_GlossaryContentWithValidIndexIdAndValidGlossaryKey_02(GlossaryControllerRequest.java:240)
	at com.pearson.tests.TC002_GlossarySearchTests.get_GlossaryContentWithValidIndexIdAndValidGlossaryKey_02(TC002_GlossarySearchTests.java:296)
	... 24 more
</pre></div></td>
<td>0</td>
<td>com.pearson.tests.TC002_GlossarySearchTests@66a3ffec</td></tr>
<tr>
<td title='com.pearson.tests.TC002_GlossarySearchTests.get_GlossaryContentWithValidIndexId_01()'><b>get_GlossaryContentWithValidIndexId_01</b><br>Test class: com.pearson.tests.TC002_GlossarySearchTests<br/>
<a href="#Output-130668770" onClick='toggleBox("Output-130668770", this, "Show output", "Hide output");'>Show output</a>

<a href="#Output-130668770" onClick="toggleAllBoxes();">Show all outputs</a>
<div class='log' id="Output-130668770">
Validate the Glossary Content With Valid IndexID_01<br/><br/>
PASSED: TestStep with Description: "Validate the Glossary Content With Valid IndexID_01"<br/><br/>
Test Case Failed<br/><br/>
</div>
</td>
<td><div><pre>java.lang.AssertionError: null
	at com.pearson.tests.TC002_GlossarySearchTests.get_GlossaryContentWithValidIndexId_01(TC002_GlossarySearchTests.java:263)
Caused by: java.lang.NullPointerException
	at com.pearson.pageobjects.GlossaryControllerRequest.cm_GlossaryContentWithValidIndexId_01Validate(GlossaryControllerRequest.java:208)
	at com.pearson.tests.TC002_GlossarySearchTests.get_GlossaryContentWithValidIndexId_01(TC002_GlossarySearchTests.java:258)
	... 24 more
... Removed 25 stack frames</pre></div><a href='#' onClick='toggleBox("stack-trace130668770", this, "Click to show all stack frames", "Click to hide stack frames")'>Click to show all stack frames</a>
<div class='stack-trace' id='stack-trace130668770'><pre>java.lang.AssertionError: null
	at org.testng.Assert.fail(Assert.java:83)
	at com.pearson.tests.TC002_GlossarySearchTests.get_GlossaryContentWithValidIndexId_01(TC002_GlossarySearchTests.java:263)
	at sun.reflect.NativeMethodAccessorImpl.invoke0(Native Method)
	at sun.reflect.NativeMethodAccessorImpl.invoke(NativeMethodAccessorImpl.java:62)
	at sun.reflect.DelegatingMethodAccessorImpl.invoke(DelegatingMethodAccessorImpl.java:43)
	at java.lang.reflect.Method.invoke(Method.java:498)
	at org.testng.internal.MethodInvocationHelper.invokeMethod(MethodInvocationHelper.java:84)
	at org.testng.internal.Invoker.invokeMethod(Invoker.java:714)
	at org.testng.internal.Invoker.invokeTestMethod(Invoker.java:901)
	at org.testng.internal.Invoker.invokeTestMethods(Invoker.java:1231)
	at org.testng.internal.TestMethodWorker.invokeTestMethods(TestMethodWorker.java:127)
	at org.testng.internal.TestMethodWorker.run(TestMethodWorker.java:111)
	at org.testng.TestRunner.privateRun(TestRunner.java:767)
	at org.testng.TestRunner.run(TestRunner.java:617)
	at org.testng.SuiteRunner.runTest(SuiteRunner.java:348)
	at org.testng.SuiteRunner.runSequentially(SuiteRunner.java:343)
	at org.testng.SuiteRunner.privateRun(SuiteRunner.java:305)
	at org.testng.SuiteRunner.run(SuiteRunner.java:254)
	at org.testng.SuiteRunnerWorker.runSuite(SuiteRunnerWorker.java:52)
	at org.testng.SuiteRunnerWorker.run(SuiteRunnerWorker.java:86)
	at org.testng.TestNG.runSuitesSequentially(TestNG.java:1224)
	at org.testng.TestNG.runSuitesLocally(TestNG.java:1149)
	at org.testng.TestNG.run(TestNG.java:1057)
	at org.testng.remote.AbstractRemoteTestNG.run(AbstractRemoteTestNG.java:126)
	at org.testng.remote.RemoteTestNG.initAndRun(RemoteTestNG.java:152)
	at org.testng.remote.RemoteTestNG.main(RemoteTestNG.java:57)
Caused by: java.lang.NullPointerException
	at com.pearson.pageobjects.GlossaryControllerRequest.cm_GlossaryContentWithValidIndexId_01Validate(GlossaryControllerRequest.java:208)
	at com.pearson.tests.TC002_GlossarySearchTests.get_GlossaryContentWithValidIndexId_01(TC002_GlossarySearchTests.java:258)
	... 24 more
</pre></div></td>
<td>0</td>
<td>com.pearson.tests.TC002_GlossarySearchTests@66a3ffec</td></tr>
<tr>
<td title='com.pearson.tests.TC002_GlossarySearchTests.get_mul_GlossaryContentWithValidIndexIdAndvalidGlossaryKey_02()'><b>get_mul_GlossaryContentWithValidIndexIdAndvalidGlossaryKey_02</b><br>Test class: com.pearson.tests.TC002_GlossarySearchTests<br/>
<a href="#Output-888473870" onClick='toggleBox("Output-888473870", this, "Show output", "Hide output");'>Show output</a>

<a href="#Output-888473870" onClick="toggleAllBoxes();">Show all outputs</a>
<div class='log' id="Output-888473870">
Validate the Glossary Content With Valid IndexID And valid GlossaryKey_02<br/><br/>
PASSED: TestStep with Description: "Validate the Glossary Content With Valid IndexID And valid GlossaryKey_02"<br/><br/>
Test Case Failed<br/><br/>
</div>
</td>
<td><div><pre>java.lang.AssertionError: null
	at com.pearson.tests.TC002_GlossarySearchTests.get_mul_GlossaryContentWithValidIndexIdAndvalidGlossaryKey_02(TC002_GlossarySearchTests.java:244)
Caused by: java.lang.NullPointerException
	at com.pearson.pageobjects.GlossaryControllerRequest.cm_GlossaryContentWithValidIndexIdAndvalidGlossaryKey_02(GlossaryControllerRequest.java:192)
	at com.pearson.tests.TC002_GlossarySearchTests.get_mul_GlossaryContentWithValidIndexIdAndvalidGlossaryKey_02(TC002_GlossarySearchTests.java:239)
	... 24 more
... Removed 25 stack frames</pre></div><a href='#' onClick='toggleBox("stack-trace888473870", this, "Click to show all stack frames", "Click to hide stack frames")'>Click to show all stack frames</a>
<div class='stack-trace' id='stack-trace888473870'><pre>java.lang.AssertionError: null
	at org.testng.Assert.fail(Assert.java:83)
	at com.pearson.tests.TC002_GlossarySearchTests.get_mul_GlossaryContentWithValidIndexIdAndvalidGlossaryKey_02(TC002_GlossarySearchTests.java:244)
	at sun.reflect.NativeMethodAccessorImpl.invoke0(Native Method)
	at sun.reflect.NativeMethodAccessorImpl.invoke(NativeMethodAccessorImpl.java:62)
	at sun.reflect.DelegatingMethodAccessorImpl.invoke(DelegatingMethodAccessorImpl.java:43)
	at java.lang.reflect.Method.invoke(Method.java:498)
	at org.testng.internal.MethodInvocationHelper.invokeMethod(MethodInvocationHelper.java:84)
	at org.testng.internal.Invoker.invokeMethod(Invoker.java:714)
	at org.testng.internal.Invoker.invokeTestMethod(Invoker.java:901)
	at org.testng.internal.Invoker.invokeTestMethods(Invoker.java:1231)
	at org.testng.internal.TestMethodWorker.invokeTestMethods(TestMethodWorker.java:127)
	at org.testng.internal.TestMethodWorker.run(TestMethodWorker.java:111)
	at org.testng.TestRunner.privateRun(TestRunner.java:767)
	at org.testng.TestRunner.run(TestRunner.java:617)
	at org.testng.SuiteRunner.runTest(SuiteRunner.java:348)
	at org.testng.SuiteRunner.runSequentially(SuiteRunner.java:343)
	at org.testng.SuiteRunner.privateRun(SuiteRunner.java:305)
	at org.testng.SuiteRunner.run(SuiteRunner.java:254)
	at org.testng.SuiteRunnerWorker.runSuite(SuiteRunnerWorker.java:52)
	at org.testng.SuiteRunnerWorker.run(SuiteRunnerWorker.java:86)
	at org.testng.TestNG.runSuitesSequentially(TestNG.java:1224)
	at org.testng.TestNG.runSuitesLocally(TestNG.java:1149)
	at org.testng.TestNG.run(TestNG.java:1057)
	at org.testng.remote.AbstractRemoteTestNG.run(AbstractRemoteTestNG.java:126)
	at org.testng.remote.RemoteTestNG.initAndRun(RemoteTestNG.java:152)
	at org.testng.remote.RemoteTestNG.main(RemoteTestNG.java:57)
Caused by: java.lang.NullPointerException
	at com.pearson.pageobjects.GlossaryControllerRequest.cm_GlossaryContentWithValidIndexIdAndvalidGlossaryKey_02(GlossaryControllerRequest.java:192)
	at com.pearson.tests.TC002_GlossarySearchTests.get_mul_GlossaryContentWithValidIndexIdAndvalidGlossaryKey_02(TC002_GlossarySearchTests.java:239)
	... 24 more
</pre></div></td>
<td>0</td>
<td>com.pearson.tests.TC002_GlossarySearchTests@66a3ffec</td></tr>
<tr>
<td title='com.pearson.tests.TC002_GlossarySearchTests.get_mul_GlossaryContentWithValidIndexId_01()'><b>get_mul_GlossaryContentWithValidIndexId_01</b><br>Test class: com.pearson.tests.TC002_GlossarySearchTests<br/>
<a href="#Output-1954471782" onClick='toggleBox("Output-1954471782", this, "Show output", "Hide output");'>Show output</a>

<a href="#Output-1954471782" onClick="toggleAllBoxes();">Show all outputs</a>
<div class='log' id="Output-1954471782">
Validate the Glossary Content With Valid IndexID 01<br/><br/>
PASSED: TestStep with Description: "Validate the Glossary Content With Valid IndexID 01"<br/><br/>
Test Case Failed<br/><br/>
</div>
</td>
<td><div><pre>java.lang.AssertionError: null
	at com.pearson.tests.TC002_GlossarySearchTests.get_mul_GlossaryContentWithValidIndexId_01(TC002_GlossarySearchTests.java:225)
Caused by: java.lang.NullPointerException
	at com.pearson.pageobjects.GlossaryControllerRequest.cm_GlossaryContentWithValidIndexId_01(GlossaryControllerRequest.java:176)
	at com.pearson.tests.TC002_GlossarySearchTests.get_mul_GlossaryContentWithValidIndexId_01(TC002_GlossarySearchTests.java:220)
	... 24 more
... Removed 25 stack frames</pre></div><a href='#' onClick='toggleBox("stack-trace1954471782", this, "Click to show all stack frames", "Click to hide stack frames")'>Click to show all stack frames</a>
<div class='stack-trace' id='stack-trace1954471782'><pre>java.lang.AssertionError: null
	at org.testng.Assert.fail(Assert.java:83)
	at com.pearson.tests.TC002_GlossarySearchTests.get_mul_GlossaryContentWithValidIndexId_01(TC002_GlossarySearchTests.java:225)
	at sun.reflect.NativeMethodAccessorImpl.invoke0(Native Method)
	at sun.reflect.NativeMethodAccessorImpl.invoke(NativeMethodAccessorImpl.java:62)
	at sun.reflect.DelegatingMethodAccessorImpl.invoke(DelegatingMethodAccessorImpl.java:43)
	at java.lang.reflect.Method.invoke(Method.java:498)
	at org.testng.internal.MethodInvocationHelper.invokeMethod(MethodInvocationHelper.java:84)
	at org.testng.internal.Invoker.invokeMethod(Invoker.java:714)
	at org.testng.internal.Invoker.invokeTestMethod(Invoker.java:901)
	at org.testng.internal.Invoker.invokeTestMethods(Invoker.java:1231)
	at org.testng.internal.TestMethodWorker.invokeTestMethods(TestMethodWorker.java:127)
	at org.testng.internal.TestMethodWorker.run(TestMethodWorker.java:111)
	at org.testng.TestRunner.privateRun(TestRunner.java:767)
	at org.testng.TestRunner.run(TestRunner.java:617)
	at org.testng.SuiteRunner.runTest(SuiteRunner.java:348)
	at org.testng.SuiteRunner.runSequentially(SuiteRunner.java:343)
	at org.testng.SuiteRunner.privateRun(SuiteRunner.java:305)
	at org.testng.SuiteRunner.run(SuiteRunner.java:254)
	at org.testng.SuiteRunnerWorker.runSuite(SuiteRunnerWorker.java:52)
	at org.testng.SuiteRunnerWorker.run(SuiteRunnerWorker.java:86)
	at org.testng.TestNG.runSuitesSequentially(TestNG.java:1224)
	at org.testng.TestNG.runSuitesLocally(TestNG.java:1149)
	at org.testng.TestNG.run(TestNG.java:1057)
	at org.testng.remote.AbstractRemoteTestNG.run(AbstractRemoteTestNG.java:126)
	at org.testng.remote.RemoteTestNG.initAndRun(RemoteTestNG.java:152)
	at org.testng.remote.RemoteTestNG.main(RemoteTestNG.java:57)
Caused by: java.lang.NullPointerException
	at com.pearson.pageobjects.GlossaryControllerRequest.cm_GlossaryContentWithValidIndexId_01(GlossaryControllerRequest.java:176)
	at com.pearson.tests.TC002_GlossarySearchTests.get_mul_GlossaryContentWithValidIndexId_01(TC002_GlossarySearchTests.java:220)
	... 24 more
</pre></div></td>
<td>0</td>
<td>com.pearson.tests.TC002_GlossarySearchTests@66a3ffec</td></tr>
<tr>
<td title='com.pearson.tests.TC002_GlossarySearchTests.get_mul_GlossaryContentWithValidIndexIdandGlossaryKey_02()'><b>get_mul_GlossaryContentWithValidIndexIdandGlossaryKey_02</b><br>Test class: com.pearson.tests.TC002_GlossarySearchTests<br/>
<a href="#Output-1970436060" onClick='toggleBox("Output-1970436060", this, "Show output", "Hide output");'>Show output</a>

<a href="#Output-1970436060" onClick="toggleAllBoxes();">Show all outputs</a>
<div class='log' id="Output-1970436060">
Validate whether user is able to search for Specific key in glossary<br/><br/>
PASSED: TestStep with Description: "Validate whether user is able to search for Specific key in glossary"<br/><br/>
Test Case Failed<br/><br/>
</div>
</td>
<td><div><pre>java.lang.AssertionError: null
	at com.pearson.tests.TC002_GlossarySearchTests.get_mul_GlossaryContentWithValidIndexIdandGlossaryKey_02(TC002_GlossarySearchTests.java:110)
Caused by: java.lang.NullPointerException
	at com.pearson.pageobjects.GlossaryControllerRequest.cm_GlossaryContentWithValidIndexIdandGlossaryKey(GlossaryControllerRequest.java:98)
	at com.pearson.tests.TC002_GlossarySearchTests.get_mul_GlossaryContentWithValidIndexIdandGlossaryKey_02(TC002_GlossarySearchTests.java:105)
	... 24 more
... Removed 25 stack frames</pre></div><a href='#' onClick='toggleBox("stack-trace1970436060", this, "Click to show all stack frames", "Click to hide stack frames")'>Click to show all stack frames</a>
<div class='stack-trace' id='stack-trace1970436060'><pre>java.lang.AssertionError: null
	at org.testng.Assert.fail(Assert.java:83)
	at com.pearson.tests.TC002_GlossarySearchTests.get_mul_GlossaryContentWithValidIndexIdandGlossaryKey_02(TC002_GlossarySearchTests.java:110)
	at sun.reflect.NativeMethodAccessorImpl.invoke0(Native Method)
	at sun.reflect.NativeMethodAccessorImpl.invoke(NativeMethodAccessorImpl.java:62)
	at sun.reflect.DelegatingMethodAccessorImpl.invoke(DelegatingMethodAccessorImpl.java:43)
	at java.lang.reflect.Method.invoke(Method.java:498)
	at org.testng.internal.MethodInvocationHelper.invokeMethod(MethodInvocationHelper.java:84)
	at org.testng.internal.Invoker.invokeMethod(Invoker.java:714)
	at org.testng.internal.Invoker.invokeTestMethod(Invoker.java:901)
	at org.testng.internal.Invoker.invokeTestMethods(Invoker.java:1231)
	at org.testng.internal.TestMethodWorker.invokeTestMethods(TestMethodWorker.java:127)
	at org.testng.internal.TestMethodWorker.run(TestMethodWorker.java:111)
	at org.testng.TestRunner.privateRun(TestRunner.java:767)
	at org.testng.TestRunner.run(TestRunner.java:617)
	at org.testng.SuiteRunner.runTest(SuiteRunner.java:348)
	at org.testng.SuiteRunner.runSequentially(SuiteRunner.java:343)
	at org.testng.SuiteRunner.privateRun(SuiteRunner.java:305)
	at org.testng.SuiteRunner.run(SuiteRunner.java:254)
	at org.testng.SuiteRunnerWorker.runSuite(SuiteRunnerWorker.java:52)
	at org.testng.SuiteRunnerWorker.run(SuiteRunnerWorker.java:86)
	at org.testng.TestNG.runSuitesSequentially(TestNG.java:1224)
	at org.testng.TestNG.runSuitesLocally(TestNG.java:1149)
	at org.testng.TestNG.run(TestNG.java:1057)
	at org.testng.remote.AbstractRemoteTestNG.run(AbstractRemoteTestNG.java:126)
	at org.testng.remote.RemoteTestNG.initAndRun(RemoteTestNG.java:152)
	at org.testng.remote.RemoteTestNG.main(RemoteTestNG.java:57)
Caused by: java.lang.NullPointerException
	at com.pearson.pageobjects.GlossaryControllerRequest.cm_GlossaryContentWithValidIndexIdandGlossaryKey(GlossaryControllerRequest.java:98)
	at com.pearson.tests.TC002_GlossarySearchTests.get_mul_GlossaryContentWithValidIndexIdandGlossaryKey_02(TC002_GlossarySearchTests.java:105)
	... 24 more
</pre></div></td>
<td>0</td>
<td>com.pearson.tests.TC002_GlossarySearchTests@66a3ffec</td></tr>
<tr>
<td title='com.pearson.tests.TC002_GlossarySearchTests.get_mul_GlossaryValidLang_05()'><b>get_mul_GlossaryValidLang_05</b><br>Test class: com.pearson.tests.TC002_GlossarySearchTests<br/>
<a href="#Output-245765246" onClick='toggleBox("Output-245765246", this, "Show output", "Hide output");'>Show output</a>

<a href="#Output-245765246" onClick="toggleAllBoxes();">Show all outputs</a>
<div class='log' id="Output-245765246">
Validate the Glossary Content With Valid Lang_05<br/><br/>
PASSED: TestStep with Description: "Validate the Glossary Content With Valid Lang_05"<br/><br/>
Test Case Failed<br/><br/>
</div>
</td>
<td><div><pre>java.lang.AssertionError: null
	at com.pearson.tests.TC002_GlossarySearchTests.get_mul_GlossaryValidLang_05(TC002_GlossarySearchTests.java:187)
Caused by: java.lang.NullPointerException
	at com.pearson.pageobjects.GlossaryControllerRequest.cm_GlossaryValidLang_05_ResponseValidate(GlossaryControllerRequest.java:161)
	at com.pearson.tests.TC002_GlossarySearchTests.get_mul_GlossaryValidLang_05(TC002_GlossarySearchTests.java:182)
	... 24 more
... Removed 25 stack frames</pre></div><a href='#' onClick='toggleBox("stack-trace245765246", this, "Click to show all stack frames", "Click to hide stack frames")'>Click to show all stack frames</a>
<div class='stack-trace' id='stack-trace245765246'><pre>java.lang.AssertionError: null
	at org.testng.Assert.fail(Assert.java:83)
	at com.pearson.tests.TC002_GlossarySearchTests.get_mul_GlossaryValidLang_05(TC002_GlossarySearchTests.java:187)
	at sun.reflect.NativeMethodAccessorImpl.invoke0(Native Method)
	at sun.reflect.NativeMethodAccessorImpl.invoke(NativeMethodAccessorImpl.java:62)
	at sun.reflect.DelegatingMethodAccessorImpl.invoke(DelegatingMethodAccessorImpl.java:43)
	at java.lang.reflect.Method.invoke(Method.java:498)
	at org.testng.internal.MethodInvocationHelper.invokeMethod(MethodInvocationHelper.java:84)
	at org.testng.internal.Invoker.invokeMethod(Invoker.java:714)
	at org.testng.internal.Invoker.invokeTestMethod(Invoker.java:901)
	at org.testng.internal.Invoker.invokeTestMethods(Invoker.java:1231)
	at org.testng.internal.TestMethodWorker.invokeTestMethods(TestMethodWorker.java:127)
	at org.testng.internal.TestMethodWorker.run(TestMethodWorker.java:111)
	at org.testng.TestRunner.privateRun(TestRunner.java:767)
	at org.testng.TestRunner.run(TestRunner.java:617)
	at org.testng.SuiteRunner.runTest(SuiteRunner.java:348)
	at org.testng.SuiteRunner.runSequentially(SuiteRunner.java:343)
	at org.testng.SuiteRunner.privateRun(SuiteRunner.java:305)
	at org.testng.SuiteRunner.run(SuiteRunner.java:254)
	at org.testng.SuiteRunnerWorker.runSuite(SuiteRunnerWorker.java:52)
	at org.testng.SuiteRunnerWorker.run(SuiteRunnerWorker.java:86)
	at org.testng.TestNG.runSuitesSequentially(TestNG.java:1224)
	at org.testng.TestNG.runSuitesLocally(TestNG.java:1149)
	at org.testng.TestNG.run(TestNG.java:1057)
	at org.testng.remote.AbstractRemoteTestNG.run(AbstractRemoteTestNG.java:126)
	at org.testng.remote.RemoteTestNG.initAndRun(RemoteTestNG.java:152)
	at org.testng.remote.RemoteTestNG.main(RemoteTestNG.java:57)
Caused by: java.lang.NullPointerException
	at com.pearson.pageobjects.GlossaryControllerRequest.cm_GlossaryValidLang_05_ResponseValidate(GlossaryControllerRequest.java:161)
	at com.pearson.tests.TC002_GlossarySearchTests.get_mul_GlossaryValidLang_05(TC002_GlossarySearchTests.java:182)
	... 24 more
</pre></div></td>
<td>0</td>
<td>com.pearson.tests.TC002_GlossarySearchTests@66a3ffec</td></tr>
<tr>
<td title='com.pearson.tests.TC002_GlossarySearchTests.get_trd_GlossaryContentWithValidIndexId_07()'><b>get_trd_GlossaryContentWithValidIndexId_07</b><br>Test class: com.pearson.tests.TC002_GlossarySearchTests<br/>
<a href="#Output-1910438136" onClick='toggleBox("Output-1910438136", this, "Show output", "Hide output");'>Show output</a>

<a href="#Output-1910438136" onClick="toggleAllBoxes();">Show all outputs</a>
<div class='log' id="Output-1910438136">
Validate Traditional  Glossary Content With Valid IndexID 07<br/><br/>
PASSED: TestStep with Description: "Validate Traditional  Glossary Content With Valid IndexID 07"<br/><br/>
Test Case Failed<br/><br/>
</div>
</td>
<td><div><pre>java.lang.AssertionError: null
	at com.pearson.tests.TC002_GlossarySearchTests.get_trd_GlossaryContentWithValidIndexId_07(TC002_GlossarySearchTests.java:206)
Caused by: java.lang.NullPointerException
	at com.pearson.pageobjects.GlossaryControllerRequest.cm_trd_GlossaryContentWithValidIndexId_07ResponseValidate(GlossaryControllerRequest.java:272)
	at com.pearson.tests.TC002_GlossarySearchTests.get_trd_GlossaryContentWithValidIndexId_07(TC002_GlossarySearchTests.java:201)
	... 24 more
... Removed 25 stack frames</pre></div><a href='#' onClick='toggleBox("stack-trace1910438136", this, "Click to show all stack frames", "Click to hide stack frames")'>Click to show all stack frames</a>
<div class='stack-trace' id='stack-trace1910438136'><pre>java.lang.AssertionError: null
	at org.testng.Assert.fail(Assert.java:83)
	at com.pearson.tests.TC002_GlossarySearchTests.get_trd_GlossaryContentWithValidIndexId_07(TC002_GlossarySearchTests.java:206)
	at sun.reflect.NativeMethodAccessorImpl.invoke0(Native Method)
	at sun.reflect.NativeMethodAccessorImpl.invoke(NativeMethodAccessorImpl.java:62)
	at sun.reflect.DelegatingMethodAccessorImpl.invoke(DelegatingMethodAccessorImpl.java:43)
	at java.lang.reflect.Method.invoke(Method.java:498)
	at org.testng.internal.MethodInvocationHelper.invokeMethod(MethodInvocationHelper.java:84)
	at org.testng.internal.Invoker.invokeMethod(Invoker.java:714)
	at org.testng.internal.Invoker.invokeTestMethod(Invoker.java:901)
	at org.testng.internal.Invoker.invokeTestMethods(Invoker.java:1231)
	at org.testng.internal.TestMethodWorker.invokeTestMethods(TestMethodWorker.java:127)
	at org.testng.internal.TestMethodWorker.run(TestMethodWorker.java:111)
	at org.testng.TestRunner.privateRun(TestRunner.java:767)
	at org.testng.TestRunner.run(TestRunner.java:617)
	at org.testng.SuiteRunner.runTest(SuiteRunner.java:348)
	at org.testng.SuiteRunner.runSequentially(SuiteRunner.java:343)
	at org.testng.SuiteRunner.privateRun(SuiteRunner.java:305)
	at org.testng.SuiteRunner.run(SuiteRunner.java:254)
	at org.testng.SuiteRunnerWorker.runSuite(SuiteRunnerWorker.java:52)
	at org.testng.SuiteRunnerWorker.run(SuiteRunnerWorker.java:86)
	at org.testng.TestNG.runSuitesSequentially(TestNG.java:1224)
	at org.testng.TestNG.runSuitesLocally(TestNG.java:1149)
	at org.testng.TestNG.run(TestNG.java:1057)
	at org.testng.remote.AbstractRemoteTestNG.run(AbstractRemoteTestNG.java:126)
	at org.testng.remote.RemoteTestNG.initAndRun(RemoteTestNG.java:152)
	at org.testng.remote.RemoteTestNG.main(RemoteTestNG.java:57)
Caused by: java.lang.NullPointerException
	at com.pearson.pageobjects.GlossaryControllerRequest.cm_trd_GlossaryContentWithValidIndexId_07ResponseValidate(GlossaryControllerRequest.java:272)
	at com.pearson.tests.TC002_GlossarySearchTests.get_trd_GlossaryContentWithValidIndexId_07(TC002_GlossarySearchTests.java:201)
	... 24 more
</pre></div></td>
<td>0</td>
<td>com.pearson.tests.TC002_GlossarySearchTests@66a3ffec</td></tr>
</table><p>
</body>
</html>