<?xml version="1.0" encoding="UTF-8"?>
<!-- Generated by org.testng.reporters.JUnitReportReporter -->
<testsuite hostname="PC338382" name="com.pearson.tests.TC001_GlossaryControllerTests" tests="1" failures="0" timestamp="25 Jun 2016 06:54:11 GMT" time="2.114" errors="1">
  <testcase name="getGlossary" time="2.114" classname="com.pearson.tests.TC001_GlossaryControllerTests">
    <error type="java.lang.AssertionError" message="Not a valid Content Type, Please set the valid Content Type">
      <![CDATA[java.lang.AssertionError: Not a valid Content Type, Please set the valid Content Type
	at org.testng.Assert.fail(Assert.java:83)
	at com.pearson.regression.UtilityHelpers.ExceptionHandler.logException(ExceptionHandler.java:12)
	at com.pearson.pageobjects.GlossarySearchControllerRequest.getGlossary(GlossarySearchControllerRequest.java:77)
	at com.pearson.tests.TC001_GlossaryControllerTests.getGlossary(TC001_GlossaryControllerTests.java:67)
	at sun.reflect.NativeMethodAccessorImpl.invoke0(Native Method)
	at sun.reflect.NativeMethodAccessorImpl.invoke(NativeMethodAccessorImpl.java:62)
	at sun.reflect.DelegatingMethodAccessorImpl.invoke(DelegatingMethodAccessorImpl.java:43)
	at java.lang.reflect.Method.invoke(Method.java:498)
	at org.testng.internal.MethodInvocationHelper.invokeMethod(MethodInvocationHelper.java:84)
	at org.testng.internal.Invoker.invokeMethod(Invoker.java:714)
	at org.testng.internal.Invoker.invokeTestMethod(Invoker.java:901)
	at org.testng.internal.Invoker.invokeTestMethods(Invoker.java:1231)
	at org.testng.internal.TestMethodWorker.invokeTestMethods(TestMethodWorker.java:127)
	at org.testng.internal.TestMethodWorker.run(TestMethodWorker.java:111)
	at org.testng.TestRunner.privateRun(TestRunner.java:767)
	at org.testng.TestRunner.run(TestRunner.java:617)
	at org.testng.SuiteRunner.runTest(SuiteRunner.java:348)
	at org.testng.SuiteRunner.runSequentially(SuiteRunner.java:343)
	at org.testng.SuiteRunner.privateRun(SuiteRunner.java:305)
	at org.testng.SuiteRunner.run(SuiteRunner.java:254)
	at org.testng.SuiteRunnerWorker.runSuite(SuiteRunnerWorker.java:52)
	at org.testng.SuiteRunnerWorker.run(SuiteRunnerWorker.java:86)
	at org.testng.TestNG.runSuitesSequentially(TestNG.java:1224)
	at org.testng.TestNG.runSuitesLocally(TestNG.java:1149)
	at org.testng.TestNG.run(TestNG.java:1057)
	at org.testng.remote.AbstractRemoteTestNG.run(AbstractRemoteTestNG.java:126)
	at org.testng.remote.RemoteTestNG.initAndRun(RemoteTestNG.java:137)
	at org.testng.remote.RemoteTestNG.main(RemoteTestNG.java:58)
Caused by: java.lang.Exception: Not a valid Content Type, Please set the valid Content Type
	at com.pearson.framework.core.RESTServiceBase.getContentType(RESTServiceBase.java:83)
	at com.pearson.framework.core.RESTServiceBase.getCallWithParameters(RESTServiceBase.java:113)
	at com.pearson.pageobjects.GlossarySearchControllerRequest.getGlossary(GlossarySearchControllerRequest.java:72)
	... 25 more
]]>
    </error>
  </testcase> <!-- getGlossary -->
</testsuite> <!-- com.pearson.tests.TC001_GlossaryControllerTests -->
