<?xml version="1.0" encoding="UTF-8"?>
<!-- Generated by org.testng.reporters.JUnitReportReporter -->
<testsuite hostname="PC335498" name="com.pearson.tests.V2Search_Priority" tests="29" failures="0" timestamp="27 Dec 2016 08:11:26 GMT" time="83.018" errors="4">
  <testcase name="Exact_Phrase_034" time="2.876" classname="com.pearson.tests.V2Search_Priority"/>
  <testcase name="Single_Value_Fields_Sorting_07" time="3.463" classname="com.pearson.tests.V2Search_Priority"/>
  <testcase name="Multi_Value_Fields_Sorting_13" time="3.238" classname="com.pearson.tests.V2Search_Priority"/>
  <testcase name="Invalid_value_In_Header_04" time="1.432" classname="com.pearson.tests.V2Search_Priority"/>
  <testcase name="Multi_Level_Sorting_26" time="2.928" classname="com.pearson.tests.V2Search_Priority"/>
  <testcase name="Multi_Level_Sorting_28" time="2.891" classname="com.pearson.tests.V2Search_Priority"/>
  <testcase name="Single_Value_Fields_Sorting_06" time="3.441" classname="com.pearson.tests.V2Search_Priority"/>
  <testcase name="Single_Value_Fields_Sorting_03" time="3.177" classname="com.pearson.tests.V2Search_Priority"/>
  <testcase name="Single_Value_Fields_Sorting_01" time="2.914" classname="com.pearson.tests.V2Search_Priority"/>
  <testcase name="SpecificField_Search_Sorting_14" time="3.850" classname="com.pearson.tests.V2Search_Priority">
    <error type="java.lang.AssertionError" message="expected [true] but found [false]">
      <![CDATA[java.lang.AssertionError: expected [true] but found [false]
	at org.testng.Assert.fail(Assert.java:94)
	at org.testng.Assert.failNotEquals(Assert.java:494)
	at org.testng.Assert.assertTrue(Assert.java:42)
	at org.testng.Assert.assertTrue(Assert.java:52)
	at org.testng.asserts.Assertion$2.doAssert(Assertion.java:119)
	at org.testng.asserts.Assertion.executeAssert(Assertion.java:30)
	at org.testng.asserts.Assertion.doAssert(Assertion.java:15)
	at org.testng.asserts.Assertion.assertTrue(Assertion.java:116)
	at com.pearson.tests.V2Search_Priority.SpecificField_Search_Sorting_14(V2Search_Priority.java:890)
	at sun.reflect.NativeMethodAccessorImpl.invoke0(Native Method)
	at sun.reflect.NativeMethodAccessorImpl.invoke(NativeMethodAccessorImpl.java:62)
	at sun.reflect.DelegatingMethodAccessorImpl.invoke(DelegatingMethodAccessorImpl.java:43)
	at java.lang.reflect.Method.invoke(Method.java:498)
	at org.testng.internal.MethodInvocationHelper.invokeMethod(MethodInvocationHelper.java:84)
	at org.testng.internal.Invoker.invokeMethod(Invoker.java:714)
	at org.testng.internal.Invoker.invokeTestMethod(Invoker.java:901)
	at org.testng.internal.Invoker.invokeTestMethods(Invoker.java:1231)
	at org.testng.internal.TestMethodWorker.invokeTestMethods(TestMethodWorker.java:127)
	at org.testng.internal.TestMethodWorker.run(TestMethodWorker.java:111)
	at org.testng.TestRunner.privateRun(TestRunner.java:767)
	at org.testng.TestRunner.run(TestRunner.java:617)
	at org.testng.SuiteRunner.runTest(SuiteRunner.java:348)
	at org.testng.SuiteRunner.runSequentially(SuiteRunner.java:343)
	at org.testng.SuiteRunner.privateRun(SuiteRunner.java:305)
	at org.testng.SuiteRunner.run(SuiteRunner.java:254)
	at org.testng.SuiteRunnerWorker.runSuite(SuiteRunnerWorker.java:52)
	at org.testng.SuiteRunnerWorker.run(SuiteRunnerWorker.java:86)
	at org.testng.TestNG.runSuitesSequentially(TestNG.java:1224)
	at org.testng.TestNG.runSuitesLocally(TestNG.java:1149)
	at org.testng.TestNG.run(TestNG.java:1057)
	at org.testng.remote.RemoteTestNG.run(RemoteTestNG.java:115)
	at org.testng.remote.RemoteTestNG.initAndRun(RemoteTestNG.java:207)
	at org.testng.remote.RemoteTestNG.main(RemoteTestNG.java:178)
]]>
    </error>
  </testcase> <!-- SpecificField_Search_Sorting_14 -->
  <testcase name="Single_Value_Fields_Sorting_04" time="3.478" classname="com.pearson.tests.V2Search_Priority"/>
  <testcase name="Invalid_value_In_Header_02" time="1.425" classname="com.pearson.tests.V2Search_Priority"/>
  <testcase name="Invalid_Sorting_Constant_29" time="2.910" classname="com.pearson.tests.V2Search_Priority">
    <error type="java.lang.AssertionError" message="expected [No enum constant org.elasticsearch.search.sort.SortOrder.ASCsss] but found [Yes enum constant org.elasticsearch.search.sort.SortOrder.ASCsss]">
      <![CDATA[java.lang.AssertionError: expected [No enum constant org.elasticsearch.search.sort.SortOrder.ASCsss] but found [Yes enum constant org.elasticsearch.search.sort.SortOrder.ASCsss]
	at org.testng.Assert.fail(Assert.java:94)
	at org.testng.Assert.failNotEquals(Assert.java:494)
	at org.testng.Assert.assertEquals(Assert.java:123)
	at org.testng.Assert.assertEquals(Assert.java:176)
	at org.testng.Assert.assertEquals(Assert.java:186)
	at com.pearson.regression.utilityHelpers.APIHelper.validaErrorMessage(APIHelper.java:121)
	at com.pearson.tests.V2Search_Priority.Invalid_Sorting_Constant_29(V2Search_Priority.java:485)
	at sun.reflect.NativeMethodAccessorImpl.invoke0(Native Method)
	at sun.reflect.NativeMethodAccessorImpl.invoke(NativeMethodAccessorImpl.java:62)
	at sun.reflect.DelegatingMethodAccessorImpl.invoke(DelegatingMethodAccessorImpl.java:43)
	at java.lang.reflect.Method.invoke(Method.java:498)
	at org.testng.internal.MethodInvocationHelper.invokeMethod(MethodInvocationHelper.java:84)
	at org.testng.internal.Invoker.invokeMethod(Invoker.java:714)
	at org.testng.internal.Invoker.invokeTestMethod(Invoker.java:901)
	at org.testng.internal.Invoker.invokeTestMethods(Invoker.java:1231)
	at org.testng.internal.TestMethodWorker.invokeTestMethods(TestMethodWorker.java:127)
	at org.testng.internal.TestMethodWorker.run(TestMethodWorker.java:111)
	at org.testng.TestRunner.privateRun(TestRunner.java:767)
	at org.testng.TestRunner.run(TestRunner.java:617)
	at org.testng.SuiteRunner.runTest(SuiteRunner.java:348)
	at org.testng.SuiteRunner.runSequentially(SuiteRunner.java:343)
	at org.testng.SuiteRunner.privateRun(SuiteRunner.java:305)
	at org.testng.SuiteRunner.run(SuiteRunner.java:254)
	at org.testng.SuiteRunnerWorker.runSuite(SuiteRunnerWorker.java:52)
	at org.testng.SuiteRunnerWorker.run(SuiteRunnerWorker.java:86)
	at org.testng.TestNG.runSuitesSequentially(TestNG.java:1224)
	at org.testng.TestNG.runSuitesLocally(TestNG.java:1149)
	at org.testng.TestNG.run(TestNG.java:1057)
	at org.testng.remote.RemoteTestNG.run(RemoteTestNG.java:115)
	at org.testng.remote.RemoteTestNG.initAndRun(RemoteTestNG.java:207)
	at org.testng.remote.RemoteTestNG.main(RemoteTestNG.java:178)
]]>
    </error>
  </testcase> <!-- Invalid_Sorting_Constant_29 -->
  <testcase name="Multi_Level_Sorting_27" time="2.895" classname="com.pearson.tests.V2Search_Priority"/>
  <testcase name="Invalid_value_In_Header_03" time="2.854" classname="com.pearson.tests.V2Search_Priority"/>
  <testcase name="Single_Value_Fields_Sorting_08" time="2.889" classname="com.pearson.tests.V2Search_Priority">
    <error type="java.lang.AssertionError" message="expected [true] but found [false]">
      <![CDATA[java.lang.AssertionError: expected [true] but found [false]
	at org.testng.Assert.fail(Assert.java:94)
	at org.testng.Assert.failNotEquals(Assert.java:494)
	at org.testng.Assert.assertTrue(Assert.java:42)
	at org.testng.Assert.assertTrue(Assert.java:52)
	at org.testng.asserts.Assertion$2.doAssert(Assertion.java:119)
	at org.testng.asserts.Assertion.executeAssert(Assertion.java:30)
	at org.testng.asserts.Assertion.doAssert(Assertion.java:15)
	at org.testng.asserts.Assertion.assertTrue(Assertion.java:116)
	at com.pearson.tests.V2Search_Priority.Single_Value_Fields_Sorting_08(V2Search_Priority.java:389)
	at sun.reflect.NativeMethodAccessorImpl.invoke0(Native Method)
	at sun.reflect.NativeMethodAccessorImpl.invoke(NativeMethodAccessorImpl.java:62)
	at sun.reflect.DelegatingMethodAccessorImpl.invoke(DelegatingMethodAccessorImpl.java:43)
	at java.lang.reflect.Method.invoke(Method.java:498)
	at org.testng.internal.MethodInvocationHelper.invokeMethod(MethodInvocationHelper.java:84)
	at org.testng.internal.Invoker.invokeMethod(Invoker.java:714)
	at org.testng.internal.Invoker.invokeTestMethod(Invoker.java:901)
	at org.testng.internal.Invoker.invokeTestMethods(Invoker.java:1231)
	at org.testng.internal.TestMethodWorker.invokeTestMethods(TestMethodWorker.java:127)
	at org.testng.internal.TestMethodWorker.run(TestMethodWorker.java:111)
	at org.testng.TestRunner.privateRun(TestRunner.java:767)
	at org.testng.TestRunner.run(TestRunner.java:617)
	at org.testng.SuiteRunner.runTest(SuiteRunner.java:348)
	at org.testng.SuiteRunner.runSequentially(SuiteRunner.java:343)
	at org.testng.SuiteRunner.privateRun(SuiteRunner.java:305)
	at org.testng.SuiteRunner.run(SuiteRunner.java:254)
	at org.testng.SuiteRunnerWorker.runSuite(SuiteRunnerWorker.java:52)
	at org.testng.SuiteRunnerWorker.run(SuiteRunnerWorker.java:86)
	at org.testng.TestNG.runSuitesSequentially(TestNG.java:1224)
	at org.testng.TestNG.runSuitesLocally(TestNG.java:1149)
	at org.testng.TestNG.run(TestNG.java:1057)
	at org.testng.remote.RemoteTestNG.run(RemoteTestNG.java:115)
	at org.testng.remote.RemoteTestNG.initAndRun(RemoteTestNG.java:207)
	at org.testng.remote.RemoteTestNG.main(RemoteTestNG.java:178)
]]>
    </error>
  </testcase> <!-- Single_Value_Fields_Sorting_08 -->
  <testcase name="Invalid_value_In_Header_04" time="1.430" classname="com.pearson.tests.V2Search_Priority"/>
  <testcase name="Valid_value_In_Header_01" time="2.961" classname="com.pearson.tests.V2Search_Priority"/>
  <testcase name="Single_Value_Fields_Sorting_02" time="3.190" classname="com.pearson.tests.V2Search_Priority"/>
  <testcase name="Single_Value_Fields_Sorting_10" time="2.910" classname="com.pearson.tests.V2Search_Priority"/>
  <testcase name="Specific_Field_Search_Exact_Pharse_with_SingleLevelFacet_10" time="2.820" classname="com.pearson.tests.V2Search_Priority"/>
  <testcase name="Multi_Value_Fields_Sorting_12" time="3.934" classname="com.pearson.tests.V2Search_Priority">
    <error type="java.lang.AssertionError" message="expected [true] but found [false]">
      <![CDATA[java.lang.AssertionError: expected [true] but found [false]
	at org.testng.Assert.fail(Assert.java:94)
	at org.testng.Assert.failNotEquals(Assert.java:494)
	at org.testng.Assert.assertTrue(Assert.java:42)
	at org.testng.Assert.assertTrue(Assert.java:52)
	at org.testng.asserts.Assertion$2.doAssert(Assertion.java:119)
	at org.testng.asserts.Assertion.executeAssert(Assertion.java:30)
	at org.testng.asserts.Assertion.doAssert(Assertion.java:15)
	at org.testng.asserts.Assertion.assertTrue(Assertion.java:116)
	at com.pearson.tests.V2Search_Priority.Multi_Value_Fields_Sorting_12(V2Search_Priority.java:458)
	at sun.reflect.NativeMethodAccessorImpl.invoke0(Native Method)
	at sun.reflect.NativeMethodAccessorImpl.invoke(NativeMethodAccessorImpl.java:62)
	at sun.reflect.DelegatingMethodAccessorImpl.invoke(DelegatingMethodAccessorImpl.java:43)
	at java.lang.reflect.Method.invoke(Method.java:498)
	at org.testng.internal.MethodInvocationHelper.invokeMethod(MethodInvocationHelper.java:84)
	at org.testng.internal.Invoker.invokeMethod(Invoker.java:714)
	at org.testng.internal.Invoker.invokeTestMethod(Invoker.java:901)
	at org.testng.internal.Invoker.invokeTestMethods(Invoker.java:1231)
	at org.testng.internal.TestMethodWorker.invokeTestMethods(TestMethodWorker.java:127)
	at org.testng.internal.TestMethodWorker.run(TestMethodWorker.java:111)
	at org.testng.TestRunner.privateRun(TestRunner.java:767)
	at org.testng.TestRunner.run(TestRunner.java:617)
	at org.testng.SuiteRunner.runTest(SuiteRunner.java:348)
	at org.testng.SuiteRunner.runSequentially(SuiteRunner.java:343)
	at org.testng.SuiteRunner.privateRun(SuiteRunner.java:305)
	at org.testng.SuiteRunner.run(SuiteRunner.java:254)
	at org.testng.SuiteRunnerWorker.runSuite(SuiteRunnerWorker.java:52)
	at org.testng.SuiteRunnerWorker.run(SuiteRunnerWorker.java:86)
	at org.testng.TestNG.runSuitesSequentially(TestNG.java:1224)
	at org.testng.TestNG.runSuitesLocally(TestNG.java:1149)
	at org.testng.TestNG.run(TestNG.java:1057)
	at org.testng.remote.RemoteTestNG.run(RemoteTestNG.java:115)
	at org.testng.remote.RemoteTestNG.initAndRun(RemoteTestNG.java:207)
	at org.testng.remote.RemoteTestNG.main(RemoteTestNG.java:178)
]]>
    </error>
  </testcase> <!-- Multi_Value_Fields_Sorting_12 -->
  <testcase name="Exact_Pharse_Search_with_SingleLevelFacet_03" time="2.885" classname="com.pearson.tests.V2Search_Priority"/>
  <testcase name="Exact_Phrase_031" time="2.887" classname="com.pearson.tests.V2Search_Priority"/>
  <testcase name="Invalid_value_In_Header_02" time="1.419" classname="com.pearson.tests.V2Search_Priority"/>
  <testcase name="groupSize_as_zero_SingleLevelFacet_01" time="2.868" classname="com.pearson.tests.V2Search_Priority"/>
  <testcase name="Single_Value_Fields_Sorting_05" time="2.914" classname="com.pearson.tests.V2Search_Priority"/>
  <testcase name="Single_Value_Fields_Sorting_09" time="2.946" classname="com.pearson.tests.V2Search_Priority"/>
  <testcase name="Invalid_value_In_Header_03" time="3.193" classname="com.pearson.tests.V2Search_Priority"/>
</testsuite> <!-- com.pearson.tests.V2Search_Priority -->
