<?xml version="1.0" encoding="UTF-8"?>
<!-- Generated by org.testng.reporters.JUnitReportReporter -->
<testsuite hostname="PC335498" name="com.pearson.tests.V2SearchSanityOneStop" tests="13" failures="0" timestamp="27 Dec 2016 08:11:26 GMT" time="49.340" errors="1">
  <testcase name="post_SinglewordSearch" time="3.819" classname="com.pearson.tests.V2SearchSanityOneStop"/>
  <testcase name="get_SinglewordSearch_LogicalOperator" time="3.380" classname="com.pearson.tests.V2SearchSanityOneStop"/>
  <testcase name="post_specificWordSearch_LogicalOperator" time="3.252" classname="com.pearson.tests.V2SearchSanityOneStop"/>
  <testcase name="post_specificWordSearch" time="3.266" classname="com.pearson.tests.V2SearchSanityOneStop"/>
  <testcase name="post_SinglewordSearch_LogicalOperator" time="3.140" classname="com.pearson.tests.V2SearchSanityOneStop"/>
  <testcase name="post_Single_OR_MultiLevel_Sorting" time="2.875" classname="com.pearson.tests.V2SearchSanityOneStop">
    <error type="java.lang.AssertionError" message="1 expectation failed.
Expected status code &lt;200&gt; doesn&#039;t match actual status code &lt;500&gt;.
">
      <![CDATA[java.lang.AssertionError: 1 expectation failed.
Expected status code <200> doesn't match actual status code <500>.

	at sun.reflect.NativeConstructorAccessorImpl.newInstance0(Native Method)
	at sun.reflect.NativeConstructorAccessorImpl.newInstance(NativeConstructorAccessorImpl.java:62)
	at sun.reflect.DelegatingConstructorAccessorImpl.newInstance(DelegatingConstructorAccessorImpl.java:45)
	at java.lang.reflect.Constructor.newInstance(Constructor.java:423)
	at org.codehaus.groovy.reflection.CachedConstructor.invoke(CachedConstructor.java:80)
	at org.codehaus.groovy.reflection.CachedConstructor.doConstructorInvoke(CachedConstructor.java:74)
	at org.codehaus.groovy.runtime.callsite.ConstructorSite$ConstructorSiteNoUnwrap.callConstructor(ConstructorSite.java:84)
	at org.codehaus.groovy.runtime.callsite.AbstractCallSite.callConstructor(AbstractCallSite.java:247)
	at com.jayway.restassured.internal.ResponseSpecificationImpl$HamcrestAssertionClosure.validate(ResponseSpecificationImpl.groovy:598)
	at com.jayway.restassured.internal.ResponseSpecificationImpl$HamcrestAssertionClosure$validate$1.call(Unknown Source)
	at com.jayway.restassured.internal.ResponseSpecificationImpl.validateResponseIfRequired(ResponseSpecificationImpl.groovy:760)
	at sun.reflect.GeneratedMethodAccessor349.invoke(Unknown Source)
	at sun.reflect.DelegatingMethodAccessorImpl.invoke(DelegatingMethodAccessorImpl.java:43)
	at java.lang.reflect.Method.invoke(Method.java:498)
	at org.codehaus.groovy.runtime.callsite.PogoMetaMethodSite$PogoCachedMethodSiteNoUnwrapNoCoerce.invoke(PogoMetaMethodSite.java:210)
	at org.codehaus.groovy.runtime.callsite.PogoMetaMethodSite.callCurrent(PogoMetaMethodSite.java:59)
	at org.codehaus.groovy.runtime.callsite.AbstractCallSite.callCurrent(AbstractCallSite.java:166)
	at com.jayway.restassured.internal.ResponseSpecificationImpl.statusCode(ResponseSpecificationImpl.groovy:120)
	at com.jayway.restassured.specification.ResponseSpecification$statusCode$0.callCurrent(Unknown Source)
	at com.jayway.restassured.internal.ResponseSpecificationImpl.statusCode(ResponseSpecificationImpl.groovy:128)
	at com.jayway.restassured.internal.ValidatableResponseOptionsImpl.statusCode(ValidatableResponseOptionsImpl.java:117)
	at com.pearson.regression.utilityHelpers.APIHelper.validaStatusCode(APIHelper.java:109)
	at com.pearson.tests.V2SearchSanityOneStop.post_Single_OR_MultiLevel_Sorting(V2SearchSanityOneStop.java:311)
	at sun.reflect.NativeMethodAccessorImpl.invoke0(Native Method)
	at sun.reflect.NativeMethodAccessorImpl.invoke(NativeMethodAccessorImpl.java:62)
	at sun.reflect.DelegatingMethodAccessorImpl.invoke(DelegatingMethodAccessorImpl.java:43)
	at java.lang.reflect.Method.invoke(Method.java:498)
	at org.testng.internal.MethodInvocationHelper.invokeMethod(MethodInvocationHelper.java:84)
	at org.testng.internal.Invoker.invokeMethod(Invoker.java:714)
	at org.testng.internal.Invoker.invokeTestMethod(Invoker.java:901)
	at org.testng.internal.Invoker.invokeTestMethods(Invoker.java:1231)
	at org.testng.internal.TestMethodWorker.invokeTestMethods(TestMethodWorker.java:127)
	at org.testng.internal.TestMethodWorker.run(TestMethodWorker.java:111)
	at org.testng.TestRunner.privateRun(TestRunner.java:767)
	at org.testng.TestRunner.run(TestRunner.java:617)
	at org.testng.SuiteRunner.runTest(SuiteRunner.java:348)
	at org.testng.SuiteRunner.runSequentially(SuiteRunner.java:343)
	at org.testng.SuiteRunner.privateRun(SuiteRunner.java:305)
	at org.testng.SuiteRunner.run(SuiteRunner.java:254)
	at org.testng.SuiteRunnerWorker.runSuite(SuiteRunnerWorker.java:52)
	at org.testng.SuiteRunnerWorker.run(SuiteRunnerWorker.java:86)
	at org.testng.TestNG.runSuitesSequentially(TestNG.java:1224)
	at org.testng.TestNG.runSuitesLocally(TestNG.java:1149)
	at org.testng.TestNG.run(TestNG.java:1057)
	at org.testng.remote.RemoteTestNG.run(RemoteTestNG.java:115)
	at org.testng.remote.RemoteTestNG.initAndRun(RemoteTestNG.java:207)
	at org.testng.remote.RemoteTestNG.main(RemoteTestNG.java:178)
]]>
    </error>
  </testcase> <!-- post_Single_OR_MultiLevel_Sorting -->
  <testcase name="get_SinglewordSearch" time="3.462" classname="com.pearson.tests.V2SearchSanityOneStop"/>
  <testcase name="get_specificWordSearch" time="3.204" classname="com.pearson.tests.V2SearchSanityOneStop"/>
  <testcase name="post_singleFacetandSorting" time="4.822" classname="com.pearson.tests.V2SearchSanityOneStop"/>
  <testcase name="get_specificWordSearch_LogicalOperator" time="3.086" classname="com.pearson.tests.V2SearchSanityOneStop"/>
  <testcase name="responseSize_StartIndex" time="5.854" classname="com.pearson.tests.V2SearchSanityOneStop"/>
  <testcase name="post_singleFacetandSorting" time="5.669" classname="com.pearson.tests.V2SearchSanityOneStop"/>
  <testcase name="get_SinglewordSearch" time="3.511" classname="com.pearson.tests.V2SearchSanityOneStop"/>
</testsuite> <!-- com.pearson.tests.V2SearchSanityOneStop -->
