<html>
<head>
<title>TestNG:  CSG Test Casess(failed)(failed)(failed)(failed)(failed)</title>
<link href="../testng.css" rel="stylesheet" type="text/css" />
<link href="../my-testng.css" rel="stylesheet" type="text/css" />

<style type="text/css">
.log { display: none;} 
.stack-trace { display: none;} 
</style>
<script type="text/javascript">
<!--
function flip(e) {
  current = e.style.display;
  if (current == 'block') {
    e.style.display = 'none';
    return 0;
  }
  else {
    e.style.display = 'block';
    return 1;
  }
}

function toggleBox(szDivId, elem, msg1, msg2)
{
  var res = -1;  if (document.getElementById) {
    res = flip(document.getElementById(szDivId));
  }
  else if (document.all) {
    // this is the way old msie versions work
    res = flip(document.all[szDivId]);
  }
  if(elem) {
    if(res == 0) elem.innerHTML = msg1; else elem.innerHTML = msg2;
  }

}

function toggleAllBoxes() {
  if (document.getElementsByTagName) {
    d = document.getElementsByTagName('div');
    for (i = 0; i < d.length; i++) {
      if (d[i].className == 'log') {
        flip(d[i]);
      }
    }
  }
}

// -->
</script>

</head>
<body>
<h2 align='center'>CSG Test Casess(failed)(failed)(failed)(failed)(failed)</h2><table border='1' align="center">
<tr>
<td>Tests passed/Failed/Skipped:</td><td>0/1/0</td>
</tr><tr>
<td>Started on:</td><td>Thu Jul 14 18:41:20 IST 2016</td>
</tr>
<tr><td>Total time:</td><td>3 seconds (3313 ms)</td>
</tr><tr>
<td>Included groups:</td><td>validCase </td>
</tr><tr>
<td>Excluded groups:</td><td></td>
</tr>
</table><p/>
<small><i>(Hover the method name to see the test class name)</i></small><p/>
<table width='100%' border='1' class='invocation-failed'>
<tr><td colspan='4' align='center'><b>FAILED TESTS</b></td></tr>
<tr><td><b>Test method</b></td>
<td width="30%"><b>Exception</b></td>
<td width="10%"><b>Time (seconds)</b></td>
<td><b>Instance</b></td>
</tr>
<tr>
<td title='com.pearson.tests.TC002_GlossarySearchTests.cm_get_GlossarySearchWithSpecificKey()'><b>cm_get_GlossarySearchWithSpecificKey</b><br>Test class: com.pearson.tests.TC002_GlossarySearchTests<br/>
<a href="#Output-2079179914" onClick='toggleBox("Output-2079179914", this, "Show output", "Hide output");'>Show output</a>

<a href="#Output-2079179914" onClick="toggleAllBoxes();">Show all outputs</a>
<div class='log' id="Output-2079179914">
Validate whether user is able to search for Specific key in glossary<br/><br/>
PASSED: TestStep with Description: "Validate whether user is able to search for Specific key in glossary"<br/><br/>
Validate Response code<br/><br/>
PASSED: SubStep with Description: "Validate Response code"<br/><br/>
</div>
</td>
<td><div><pre>java.lang.AssertionError: expected [{&quot;indexId&quot;:&quot;b544cc0f558bde70b15268eb55c9b55c&quot;,&quot;glossary&quot;:{&quot;p7000496031000000000000000005a87&quot;:{&quot;term&quot;:&quot;absorption&quot;,&quot;meaning&quot;:&quot;The physiologic process by which molecules of food are taken from the GI tract into the body.&quot;}}}] but found [{&quot;indexId&quot;:&quot;5f52c125d0c44f9559ea9108420ebdc6\n&quot;,&quot;glossary&quot;:null}]
	at com.pearson.regression.utilityHelpers.ResponseValidator.compareJsonResponse(ResponseValidator.java:47)
	at com.pearson.pageobjects.GlossaryControllerRequest.cm_GlossarySearchWithSpecificKeyResponseValidate(GlossaryControllerRequest.java:82)
	at com.pearson.tests.TC002_GlossarySearchTests.cm_get_GlossarySearchWithSpecificKey(TC002_GlossarySearchTests.java:88)
... Removed 28 stack frames</pre></div><a href='#' onClick='toggleBox("stack-trace2079179914", this, "Click to show all stack frames", "Click to hide stack frames")'>Click to show all stack frames</a>
<div class='stack-trace' id='stack-trace2079179914'><pre>java.lang.AssertionError: expected [{&quot;indexId&quot;:&quot;b544cc0f558bde70b15268eb55c9b55c&quot;,&quot;glossary&quot;:{&quot;p7000496031000000000000000005a87&quot;:{&quot;term&quot;:&quot;absorption&quot;,&quot;meaning&quot;:&quot;The physiologic process by which molecules of food are taken from the GI tract into the body.&quot;}}}] but found [{&quot;indexId&quot;:&quot;5f52c125d0c44f9559ea9108420ebdc6\n&quot;,&quot;glossary&quot;:null}]
	at org.testng.Assert.fail(Assert.java:94)
	at org.testng.Assert.failNotEquals(Assert.java:494)
	at org.testng.Assert.assertEquals(Assert.java:123)
	at org.testng.Assert.assertEquals(Assert.java:165)
	at com.pearson.regression.utilityHelpers.ResponseValidator.compareJsonResponse(ResponseValidator.java:47)
	at com.pearson.pageobjects.GlossaryControllerRequest.cm_GlossarySearchWithSpecificKeyResponseValidate(GlossaryControllerRequest.java:82)
	at com.pearson.tests.TC002_GlossarySearchTests.cm_get_GlossarySearchWithSpecificKey(TC002_GlossarySearchTests.java:88)
	at sun.reflect.NativeMethodAccessorImpl.invoke0(Native Method)
	at sun.reflect.NativeMethodAccessorImpl.invoke(NativeMethodAccessorImpl.java:62)
	at sun.reflect.DelegatingMethodAccessorImpl.invoke(DelegatingMethodAccessorImpl.java:43)
	at java.lang.reflect.Method.invoke(Method.java:498)
	at org.testng.internal.MethodInvocationHelper.invokeMethod(MethodInvocationHelper.java:84)
	at org.testng.internal.Invoker.invokeMethod(Invoker.java:714)
	at org.testng.internal.Invoker.invokeTestMethod(Invoker.java:901)
	at org.testng.internal.Invoker.invokeTestMethods(Invoker.java:1231)
	at org.testng.internal.TestMethodWorker.invokeTestMethods(TestMethodWorker.java:127)
	at org.testng.internal.TestMethodWorker.run(TestMethodWorker.java:111)
	at org.testng.TestRunner.privateRun(TestRunner.java:767)
	at org.testng.TestRunner.run(TestRunner.java:617)
	at org.testng.SuiteRunner.runTest(SuiteRunner.java:348)
	at org.testng.SuiteRunner.runSequentially(SuiteRunner.java:343)
	at org.testng.SuiteRunner.privateRun(SuiteRunner.java:305)
	at org.testng.SuiteRunner.run(SuiteRunner.java:254)
	at org.testng.SuiteRunnerWorker.runSuite(SuiteRunnerWorker.java:52)
	at org.testng.SuiteRunnerWorker.run(SuiteRunnerWorker.java:86)
	at org.testng.TestNG.runSuitesSequentially(TestNG.java:1224)
	at org.testng.TestNG.runSuitesLocally(TestNG.java:1149)
	at org.testng.TestNG.run(TestNG.java:1057)
	at org.testng.remote.AbstractRemoteTestNG.run(AbstractRemoteTestNG.java:126)
	at org.testng.remote.RemoteTestNG.initAndRun(RemoteTestNG.java:152)
	at org.testng.remote.RemoteTestNG.main(RemoteTestNG.java:57)
</pre></div></td>
<td>3</td>
<td>com.pearson.tests.TC002_GlossarySearchTests@66a3ffec</td></tr>
</table><p>
</body>
</html>